#
# There is insufficient memory for the Java Runtime Environment to continue.
# Native memory allocation (malloc) failed to allocate 354976 bytes for Chunk::new
# Possible reasons:
#   The system is out of physical RAM or swap space
#   The process is running with CompressedOops enabled, and the Java Heap may be blocking the growth of the native heap
# Possible solutions:
#   Reduce memory load on the system
#   Increase physical memory or swap space
#   Check if swap backing store is full
#   Decrease Java heap size (-Xmx/-Xms)
#   Decrease number of Java threads
#   Decrease Java thread stack sizes (-Xss)
#   Set larger code cache with -XX:ReservedCodeCacheSize=
#   JVM is running with Zero Based Compressed Oops mode in which the Java heap is
#     placed in the first 32GB address space. The Java Heap base address is the
#     maximum limit for the native heap growth. Please use -XX:HeapBaseMinAddress
#     to set the Java Heap base and to place the Java Heap above 32GB virtual address.
# This output file may be truncated or incomplete.
#
#  Out of Memory Error (allocation.cpp:390), pid=18144, tid=0x000000000000043c
#
# JRE version: Java(TM) SE Runtime Environment (8.0_201-b09) (build 1.8.0_201-b09)
# Java VM: Java HotSpot(TM) 64-Bit Server VM (25.201-b09 mixed mode windows-amd64 compressed oops)
# Failed to write core dump. Minidumps are not enabled by default on client versions of Windows
#

---------------  T H R E A D  ---------------

Current thread (0x000000001c936800):  JavaThread "C2 CompilerThread0" daemon [_thread_in_native, id=1084, stack(0x000000001df90000,0x000000001e090000)]

Stack: [0x000000001df90000,0x000000001e090000]
[error occurred during error reporting (printing stack bounds), id 0xc0000005]

Native frames: (J=compiled Java code, j=interpreted, Vv=VM code, C=native code)


Current CompileTask:
C2:  68933 8922       4       com.sun.javafx.text.GlyphLayout::breakRuns (955 bytes)


---------------  P R O C E S S  ---------------

Java Threads: ( => current thread )
  0x0000000027877000 JavaThread "pool-2-thread-1" daemon [_thread_blocked, id=18756, stack(0x0000000031a00000,0x0000000031b00000)]
  0x0000000027874800 JavaThread "cluster-ClusterId{value='5ea73964dbd8ce46e07a5f6e', description='null'}-127.0.0.1:27017" daemon [_thread_blocked, id=9252, stack(0x000000002ac50000,0x000000002ad50000)]
  0x000000001f1f0000 JavaThread "tile-pool-3" daemon [_thread_blocked, id=19368, stack(0x000000002e3e0000,0x000000002e4e0000)]
  0x000000001f1ef000 JavaThread "tile-pool-2" daemon [_thread_blocked, id=17724, stack(0x000000002e2e0000,0x000000002e3e0000)]
  0x000000001f1f6000 JavaThread "tile-pool-1" daemon [_thread_blocked, id=16860, stack(0x000000002e1e0000,0x000000002e2e0000)]
  0x000000001f1f4800 JavaThread "tile-pool-0" daemon [_thread_blocked, id=4476, stack(0x000000002e0e0000,0x000000002e1e0000)]
  0x000000001f1f5000 JavaThread "SwingNode Disposer" daemon [_thread_blocked, id=10196, stack(0x000000002ad50000,0x000000002ae50000)]
  0x000000001f1f2000 JavaThread "AWT-EventQueue-0" [_thread_blocked, id=11276, stack(0x000000002a950000,0x000000002aa50000)]
  0x0000000026b2c000 JavaThread "AWT-Windows" daemon [_thread_in_native, id=17356, stack(0x0000000029560000,0x0000000029660000)]
  0x000000001f02e000 JavaThread "AWT-Shutdown" [_thread_blocked, id=16936, stack(0x0000000029460000,0x0000000029560000)]
  0x000000001f02d800 JavaThread "Java2D Disposer" daemon [_thread_blocked, id=10532, stack(0x0000000029360000,0x0000000029460000)]
  0x0000000027086800 JavaThread "Prism Font Disposer" daemon [_thread_blocked, id=10508, stack(0x0000000029120000,0x0000000029220000)]
  0x000000001eb8e000 JavaThread "JavaFX-Launcher" [_thread_blocked, id=13488, stack(0x0000000026430000,0x0000000026530000)]
  0x000000001eb48000 JavaThread "Thread-2" daemon [_thread_in_native, id=8776, stack(0x0000000026330000,0x0000000026430000)]
  0x000000001eacb000 JavaThread "JavaFX Application Thread" [_thread_in_Java, id=3788, stack(0x000000001f710000,0x000000001f810000)]
  0x000000001eabb800 JavaThread "Thread-1" daemon [_thread_blocked, id=3852, stack(0x000000001f610000,0x000000001f710000)]
  0x000000001e66b000 JavaThread "QuantumRenderer-0" daemon [_thread_blocked, id=21472, stack(0x000000001f2b0000,0x000000001f3b0000)]
  0x000000001e2b8800 JavaThread "Service Thread" daemon [_thread_blocked, id=10340, stack(0x000000001e690000,0x000000001e790000)]
  0x000000001c944800 JavaThread "C1 CompilerThread2" daemon [_thread_blocked, id=21156, stack(0x000000001e190000,0x000000001e290000)]
  0x000000001c941000 JavaThread "C2 CompilerThread1" daemon [_thread_blocked, id=4276, stack(0x000000001e090000,0x000000001e190000)]
=>0x000000001c936800 JavaThread "C2 CompilerThread0" daemon [_thread_in_native, id=1084, stack(0x000000001df90000,0x000000001e090000)]
  0x000000001c931800 JavaThread "Attach Listener" daemon [_thread_blocked, id=19008, stack(0x000000001de90000,0x000000001df90000)]
  0x000000001c930800 JavaThread "Signal Dispatcher" daemon [_thread_blocked, id=17596, stack(0x000000001dd90000,0x000000001de90000)]
  0x000000001c91a800 JavaThread "Finalizer" daemon [_thread_blocked, id=9072, stack(0x000000001db90000,0x000000001dc90000)]
  0x000000001c8f9000 JavaThread "Reference Handler" daemon [_thread_blocked, id=20256, stack(0x000000001da90000,0x000000001db90000)]
  0x0000000003293800 JavaThread "main" [_thread_blocked, id=7720, stack(0x0000000003190000,0x0000000003290000)]

Other Threads:
  0x000000001c8f7800 VMThread [stack: 0x000000001d990000,0x000000001da90000] [id=19216]
  0x000000001e2d2000 WatcherThread [stack: 0x000000001e790000,0x000000001e890000] [id=10164]

VM state:not at safepoint (normal execution)

VM Mutex/Monitor currently owned by a thread: None

heap address: 0x00000006c2000000, size: 4064 MB, Compressed Oops mode: Zero based, Oop shift amount: 3
Narrow klass base: 0x0000000000000000, Narrow klass shift: 3
Compressed class space size: 1073741824 Address: 0x00000007c0000000

Heap:
 PSYoungGen      total 411648K, used 273886K [0x000000076b580000, 0x0000000787680000, 0x00000007c0000000)
  eden space 380928K, 71% used [0x000000076b580000,0x000000077bfe5f60,0x0000000782980000)
  from space 30720K, 3% used [0x0000000784480000,0x0000000784591960,0x0000000786280000)
  to   space 27648K, 0% used [0x0000000782980000,0x0000000782980000,0x0000000784480000)
 ParOldGen       total 230400K, used 76718K [0x00000006c2000000, 0x00000006d0100000, 0x000000076b580000)
  object space 230400K, 33% used [0x00000006c2000000,0x00000006c6aebbf0,0x00000006d0100000)
 Metaspace       used 36835K, capacity 38884K, committed 39128K, reserved 1083392K
  class space    used 4921K, capacity 5309K, committed 5376K, reserved 1048576K

Card table byte_map: [0x0000000012750000,0x0000000012f50000] byte_map_base: 0x000000000f140000

Marking Bits: (ParMarkBitMap*) 0x00000000562a4ce0
 Begin Bits: [0x00000000138a0000, 0x0000000017820000)
 End Bits:   [0x0000000017820000, 0x000000001b7a0000)

Polling page: 0x00000000018d0000

CodeCache: size=245760Kb used=23345Kb max_used=23425Kb free=222414Kb
 bounds [0x0000000003390000, 0x0000000004a90000, 0x0000000012390000]
 total_blobs=8373 nmethods=7465 adapters=818
 compilation: enabled

Compilation events (10 events):
Event: 68.883 Thread 0x000000001c936800 8922       4       com.sun.javafx.text.GlyphLayout::breakRuns (955 bytes)
Event: 68.884 Thread 0x000000001c944800 8923       3       com.sun.javafx.text.TextRun::setLinebreak (11 bytes)
Event: 68.884 Thread 0x000000001c944800 nmethod 8923 0x0000000004555990 code [0x0000000004555ae0, 0x0000000004555c30]
Event: 68.884 Thread 0x000000001c944800 8924       3       com.sun.javafx.text.PrismTextLayout::reuseRuns (129 bytes)
Event: 68.884 Thread 0x000000001c941000 nmethod 8919 0x0000000003982890 code [0x00000000039829e0, 0x0000000003982b58]
Event: 68.884 Thread 0x000000001c944800 nmethod 8924 0x0000000003e48d50 code [0x0000000003e48f60, 0x0000000003e49a48]
Event: 68.885 Thread 0x000000001c941000 8925       4       java.util.Arrays::equals (54 bytes)
Event: 68.889 Thread 0x000000001c941000 nmethod 8925 0x0000000003982490 code [0x00000000039825c0, 0x0000000003982778]
Event: 68.891 Thread 0x000000001c944800 8926       3       com.sun.javafx.geom.transform.AffineBase::rotate90 (87 bytes)
Event: 68.892 Thread 0x000000001c944800 nmethod 8926 0x0000000003981f10 code [0x00000000039820c0, 0x0000000003982390]

GC Heap History (10 events):
Event: 37.358 GC heap before
{Heap before GC invocations=24 (full 2):
 PSYoungGen      total 404992K, used 371264K [0x000000076b580000, 0x0000000786280000, 0x00000007c0000000)
  eden space 370688K, 100% used [0x000000076b580000,0x0000000781f80000,0x0000000781f80000)
  from space 34304K, 1% used [0x0000000781f80000,0x0000000782010000,0x0000000784100000)
  to   space 30720K, 0% used [0x0000000784480000,0x0000000784480000,0x0000000786280000)
 ParOldGen       total 230400K, used 76214K [0x00000006c2000000, 0x00000006d0100000, 0x000000076b580000)
  object space 230400K, 33% used [0x00000006c2000000,0x00000006c6a6dbf0,0x00000006d0100000)
 Metaspace       used 36378K, capacity 38410K, committed 38616K, reserved 1083392K
  class space    used 4908K, capacity 5302K, committed 5376K, reserved 1048576K
Event: 37.362 GC heap after
Heap after GC invocations=24 (full 2):
 PSYoungGen      total 401408K, used 672K [0x000000076b580000, 0x0000000786280000, 0x00000007c0000000)
  eden space 370688K, 0% used [0x000000076b580000,0x000000076b580000,0x0000000781f80000)
  from space 30720K, 2% used [0x0000000784480000,0x0000000784528000,0x0000000786280000)
  to   space 34304K, 0% used [0x0000000781f80000,0x0000000781f80000,0x0000000784100000)
 ParOldGen       total 230400K, used 76694K [0x00000006c2000000, 0x00000006d0100000, 0x000000076b580000)
  object space 230400K, 33% used [0x00000006c2000000,0x00000006c6ae5bf0,0x00000006d0100000)
 Metaspace       used 36378K, capacity 38410K, committed 38616K, reserved 1083392K
  class space    used 4908K, capacity 5302K, committed 5376K, reserved 1048576K
}
Event: 38.611 GC heap before
{Heap before GC invocations=25 (full 2):
 PSYoungGen      total 401408K, used 371360K [0x000000076b580000, 0x0000000786280000, 0x00000007c0000000)
  eden space 370688K, 100% used [0x000000076b580000,0x0000000781f80000,0x0000000781f80000)
  from space 30720K, 2% used [0x0000000784480000,0x0000000784528000,0x0000000786280000)
  to   space 34304K, 0% used [0x0000000781f80000,0x0000000781f80000,0x0000000784100000)
 ParOldGen       total 230400K, used 76694K [0x00000006c2000000, 0x00000006d0100000, 0x000000076b580000)
  object space 230400K, 33% used [0x00000006c2000000,0x00000006c6ae5bf0,0x00000006d0100000)
 Metaspace       used 36393K, capacity 38410K, committed 38616K, reserved 1083392K
  class space    used 4908K, capacity 5302K, committed 5376K, reserved 1048576K
Event: 38.618 GC heap after
Heap after GC invocations=25 (full 2):
 PSYoungGen      total 404992K, used 2336K [0x000000076b580000, 0x0000000786280000, 0x00000007c0000000)
  eden space 370688K, 0% used [0x000000076b580000,0x000000076b580000,0x0000000781f80000)
  from space 34304K, 6% used [0x0000000781f80000,0x00000007821c8000,0x0000000784100000)
  to   space 30720K, 0% used [0x0000000784480000,0x0000000784480000,0x0000000786280000)
 ParOldGen       total 230400K, used 76702K [0x00000006c2000000, 0x00000006d0100000, 0x000000076b580000)
  object space 230400K, 33% used [0x00000006c2000000,0x00000006c6ae7bf0,0x00000006d0100000)
 Metaspace       used 36393K, capacity 38410K, committed 38616K, reserved 1083392K
  class space    used 4908K, capacity 5302K, committed 5376K, reserved 1048576K
}
Event: 45.540 GC heap before
{Heap before GC invocations=26 (full 2):
 PSYoungGen      total 404992K, used 373024K [0x000000076b580000, 0x0000000786280000, 0x00000007c0000000)
  eden space 370688K, 100% used [0x000000076b580000,0x0000000781f80000,0x0000000781f80000)
  from space 34304K, 6% used [0x0000000781f80000,0x00000007821c8000,0x0000000784100000)
  to   space 30720K, 0% used [0x0000000784480000,0x0000000784480000,0x0000000786280000)
 ParOldGen       total 230400K, used 76702K [0x00000006c2000000, 0x00000006d0100000, 0x000000076b580000)
  object space 230400K, 33% used [0x00000006c2000000,0x00000006c6ae7bf0,0x00000006d0100000)
 Metaspace       used 36416K, capacity 38474K, committed 38616K, reserved 1083392K
  class space    used 4908K, capacity 5302K, committed 5376K, reserved 1048576K
Event: 45.543 GC heap after
Heap after GC invocations=26 (full 2):
 PSYoungGen      total 401408K, used 608K [0x000000076b580000, 0x0000000786280000, 0x00000007c0000000)
  eden space 370688K, 0% used [0x000000076b580000,0x000000076b580000,0x0000000781f80000)
  from space 30720K, 1% used [0x0000000784480000,0x0000000784518000,0x0000000786280000)
  to   space 34304K, 0% used [0x0000000781f80000,0x0000000781f80000,0x0000000784100000)
 ParOldGen       total 230400K, used 76710K [0x00000006c2000000, 0x00000006d0100000, 0x000000076b580000)
  object space 230400K, 33% used [0x00000006c2000000,0x00000006c6ae9bf0,0x00000006d0100000)
 Metaspace       used 36416K, capacity 38474K, committed 38616K, reserved 1083392K
  class space    used 4908K, capacity 5302K, committed 5376K, reserved 1048576K
}
Event: 65.799 GC heap before
{Heap before GC invocations=27 (full 2):
 PSYoungGen      total 401408K, used 371296K [0x000000076b580000, 0x0000000786280000, 0x00000007c0000000)
  eden space 370688K, 100% used [0x000000076b580000,0x0000000781f80000,0x0000000781f80000)
  from space 30720K, 1% used [0x0000000784480000,0x0000000784518000,0x0000000786280000)
  to   space 34304K, 0% used [0x0000000781f80000,0x0000000781f80000,0x0000000784100000)
 ParOldGen       total 230400K, used 76710K [0x00000006c2000000, 0x00000006d0100000, 0x000000076b580000)
  object space 230400K, 33% used [0x00000006c2000000,0x00000006c6ae9bf0,0x00000006d0100000)
 Metaspace       used 36822K, capacity 38884K, committed 39128K, reserved 1083392K
  class space    used 4921K, capacity 5309K, committed 5376K, reserved 1048576K
Event: 65.802 GC heap after
Heap after GC invocations=27 (full 2):
 PSYoungGen      total 404992K, used 1109K [0x000000076b580000, 0x0000000786280000, 0x00000007c0000000)
  eden space 370688K, 0% used [0x000000076b580000,0x000000076b580000,0x0000000781f80000)
  from space 34304K, 3% used [0x0000000781f80000,0x0000000782095480,0x0000000784100000)
  to   space 30720K, 0% used [0x0000000784480000,0x0000000784480000,0x0000000786280000)
 ParOldGen       total 230400K, used 76718K [0x00000006c2000000, 0x00000006d0100000, 0x000000076b580000)
  object space 230400K, 33% used [0x00000006c2000000,0x00000006c6aebbf0,0x00000006d0100000)
 Metaspace       used 36822K, capacity 38884K, committed 39128K, reserved 1083392K
  class space    used 4921K, capacity 5309K, committed 5376K, reserved 1048576K
}
Event: 66.239 GC heap before
{Heap before GC invocations=28 (full 2):
 PSYoungGen      total 404992K, used 371797K [0x000000076b580000, 0x0000000786280000, 0x00000007c0000000)
  eden space 370688K, 100% used [0x000000076b580000,0x0000000781f80000,0x0000000781f80000)
  from space 34304K, 3% used [0x0000000781f80000,0x0000000782095480,0x0000000784100000)
  to   space 30720K, 0% used [0x0000000784480000,0x0000000784480000,0x0000000786280000)
 ParOldGen       total 230400K, used 76718K [0x00000006c2000000, 0x00000006d0100000, 0x000000076b580000)
  object space 230400K, 33% used [0x00000006c2000000,0x00000006c6aebbf0,0x00000006d0100000)
 Metaspace       used 36822K, capacity 38884K, committed 39128K, reserved 1083392K
  class space    used 4921K, capacity 5309K, committed 5376K, reserved 1048576K
Event: 66.241 GC heap after
Heap after GC invocations=28 (full 2):
 PSYoungGen      total 411648K, used 1094K [0x000000076b580000, 0x0000000787680000, 0x00000007c0000000)
  eden space 380928K, 0% used [0x000000076b580000,0x000000076b580000,0x0000000782980000)
  from space 30720K, 3% used [0x0000000784480000,0x0000000784591960,0x0000000786280000)
  to   space 27648K, 0% used [0x0000000782980000,0x0000000782980000,0x0000000784480000)
 ParOldGen       total 230400K, used 76718K [0x00000006c2000000, 0x00000006d0100000, 0x000000076b580000)
  object space 230400K, 33% used [0x00000006c2000000,0x00000006c6aebbf0,0x00000006d0100000)
 Metaspace       used 36822K, capacity 38884K, committed 39128K, reserved 1083392K
  class space    used 4921K, capacity 5309K, committed 5376K, reserved 1048576K
}

Deoptimization events (10 events):
Event: 33.882 Thread 0x000000001eacb000 Uncommon trap: reason=class_check action=maybe_recompile pc=0x00000000047f9fc4 method=javafx.scene.control.TextInputControl.replaceText(IILjava/lang/String;II)I @ 24
Event: 34.532 Thread 0x000000001eacb000 Uncommon trap: reason=class_check action=maybe_recompile pc=0x00000000047f9fc4 method=javafx.scene.control.TextInputControl.replaceText(IILjava/lang/String;II)I @ 24
Event: 34.656 Thread 0x000000001eacb000 Uncommon trap: reason=unstable_if action=reinterpret pc=0x0000000004745704 method=javafx.scene.Node.updateBounds()V @ 70
Event: 37.260 Thread 0x000000001eacb000 Uncommon trap: reason=unstable_if action=reinterpret pc=0x0000000004113a04 method=java.lang.Double.compare(DD)I @ 3
Event: 38.087 Thread 0x000000001eacb000 Uncommon trap: reason=null_check action=make_not_entrant pc=0x00000000040b3d6c method=javafx.scene.Node$MiscProperties.getClip()Ljavafx/scene/Node; @ 20
Event: 42.044 Thread 0x0000000027874800 Uncommon trap: reason=class_check action=maybe_recompile pc=0x00000000045ba3f4 method=java.util.AbstractCollection.containsAll(Ljava/util/Collection;)Z @ 1
Event: 47.024 Thread 0x000000001eacb000 Uncommon trap: reason=unstable_if action=reinterpret pc=0x00000000036941b8 method=com.sun.javafx.text.TextRun.getPosX(I)F @ 75
Event: 47.028 Thread 0x000000001eacb000 Uncommon trap: reason=unstable_if action=reinterpret pc=0x00000000047fe654 method=javafx.scene.control.TextInputControl.updateContent(Ljavafx/scene/control/TextFormatter$Change;Z)V @ 143
Event: 56.570 Thread 0x000000001eacb000 Uncommon trap: reason=unstable_if action=reinterpret pc=0x00000000035ecb1c method=javafx.scene.Node.impl_intersectsBounds(Lcom/sun/javafx/geom/PickRay;)D @ 902
Event: 62.473 Thread 0x000000001e66b000 Uncommon trap: reason=unstable_if action=reinterpret pc=0x00000000045d0a24 method=com.sun.prism.impl.GlyphCache.render(Lcom/sun/prism/impl/BaseContext;Lcom/sun/javafx/scene/text/GlyphList;FFIILcom/sun/prism/paint/Color;Lcom/sun/prism/paint/Color;Lcom/sun/

Classes redefined (0 events):
No events

Internal exceptions (10 events):
Event: 33.435 Thread 0x000000001f1f2000 Exception <a 'java/lang/NullPointerException'> (0x00000007751322e8) thrown at [C:\re\workspace\8-2-build-windows-amd64-cygwin\jdk8u201\12322\hotspot\src\share\vm\prims\jvm.cpp, line 1506]
Event: 35.388 Thread 0x000000001f1f2000 Implicit null exception at 0x00000000046893fc to 0x000000000468963f
Event: 35.388 Thread 0x000000001f1f2000 Exception <a 'java/lang/NullPointerException'> (0x000000076bcc19e0) thrown at [C:\re\workspace\8-2-build-windows-amd64-cygwin\jdk8u201\12322\hotspot\src\share\vm\runtime\sharedRuntime.cpp, line 605]
Event: 35.388 Thread 0x000000001f1f2000 Exception <a 'java/lang/NullPointerException'> (0x000000076bcc19e0) thrown at [C:\re\workspace\8-2-build-windows-amd64-cygwin\jdk8u201\12322\hotspot\src\share\vm\prims\jvm.cpp, line 1506]
Event: 35.388 Thread 0x000000001f1f2000 Exception <a 'java/lang/NullPointerException'> (0x000000076bcc19e0) thrown at [C:\re\workspace\8-2-build-windows-amd64-cygwin\jdk8u201\12322\hotspot\src\share\vm\prims\jvm.cpp, line 1506]
Event: 35.392 Thread 0x000000001f1f2000 Implicit null exception at 0x00000000046893fc to 0x000000000468963f
Event: 35.392 Thread 0x000000001f1f2000 Exception <a 'java/lang/NullPointerException'> (0x000000076bd02de0) thrown at [C:\re\workspace\8-2-build-windows-amd64-cygwin\jdk8u201\12322\hotspot\src\share\vm\runtime\sharedRuntime.cpp, line 605]
Event: 35.392 Thread 0x000000001f1f2000 Exception <a 'java/lang/NullPointerException'> (0x000000076bd02de0) thrown at [C:\re\workspace\8-2-build-windows-amd64-cygwin\jdk8u201\12322\hotspot\src\share\vm\prims\jvm.cpp, line 1506]
Event: 35.392 Thread 0x000000001f1f2000 Exception <a 'java/lang/NullPointerException'> (0x000000076bd02de0) thrown at [C:\re\workspace\8-2-build-windows-amd64-cygwin\jdk8u201\12322\hotspot\src\share\vm\prims\jvm.cpp, line 1506]
Event: 38.087 Thread 0x000000001eacb000 Implicit null exception at 0x00000000040b3d0b to 0x00000000040b3d61

Events (10 events):
Event: 66.600 Thread 0x000000001c944800 flushing nmethod 0x00000000048008d0
Event: 66.600 Thread 0x000000001c944800 flushing nmethod 0x0000000004806390
Event: 67.679 Executing VM operation: RevokeBias
Event: 67.679 Executing VM operation: RevokeBias done
Event: 67.679 Executing VM operation: RevokeBias
Event: 67.679 Executing VM operation: RevokeBias done
Event: 68.883 Thread 0x000000001eacb000 DEOPT PACKING pc=0x000000000485bc7a sp=0x000000001f80d3b0
Event: 68.883 Thread 0x000000001eacb000 DEOPT UNPACKING pc=0x00000000033d7890 sp=0x000000001f80d1d0 mode 0
Event: 68.885 Thread 0x000000001eacb000 DEOPT PACKING pc=0x0000000003fdc063 sp=0x000000001f80d7d0
Event: 68.885 Thread 0x000000001eacb000 DEOPT UNPACKING pc=0x00000000033d7890 sp=0x000000001f80d4e0 mode 0


Dynamic libraries:
0x00007ff6e1e80000 - 0x00007ff6e1eb7000 	C:\Program Files\Java\jre1.8.0_201\bin\javaw.exe
0x00007ffe32140000 - 0x00007ffe32330000 	C:\WINDOWS\SYSTEM32\ntdll.dll
0x00007ffe31bb0000 - 0x00007ffe31c62000 	C:\WINDOWS\System32\KERNEL32.DLL
0x00007ffe2f280000 - 0x00007ffe2f523000 	C:\WINDOWS\System32\KERNELBASE.dll
0x00007ffe31630000 - 0x00007ffe316d3000 	C:\WINDOWS\System32\ADVAPI32.dll
0x00007ffe32030000 - 0x00007ffe320ce000 	C:\WINDOWS\System32\msvcrt.dll
0x00007ffe31750000 - 0x00007ffe317e7000 	C:\WINDOWS\System32\sechost.dll
0x00007ffe31a90000 - 0x00007ffe31bb0000 	C:\WINDOWS\System32\RPCRT4.dll
0x00007ffe302c0000 - 0x00007ffe30454000 	C:\WINDOWS\System32\USER32.dll
0x00007ffe2f250000 - 0x00007ffe2f271000 	C:\WINDOWS\System32\win32u.dll
0x00007ffe30510000 - 0x00007ffe30536000 	C:\WINDOWS\System32\GDI32.dll
0x00007ffe2fcb0000 - 0x00007ffe2fe44000 	C:\WINDOWS\System32\gdi32full.dll
0x00007ffe2fea0000 - 0x00007ffe2ff3e000 	C:\WINDOWS\System32\msvcp_win.dll
0x00007ffe2f0a0000 - 0x00007ffe2f19a000 	C:\WINDOWS\System32\ucrtbase.dll
0x00007ffe17670000 - 0x00007ffe178f5000 	C:\WINDOWS\WinSxS\amd64_microsoft.windows.common-controls_6595b64144ccf1df_6.0.18362.778_none_e6c6b761130d4fb8\COMCTL32.dll
0x00007ffe31cf0000 - 0x00007ffe32026000 	C:\WINDOWS\System32\combase.dll
0x00007ffe30120000 - 0x00007ffe301a0000 	C:\WINDOWS\System32\bcryptPrimitives.dll
0x00007ffe30230000 - 0x00007ffe3025e000 	C:\WINDOWS\System32\IMM32.DLL
0x00000000559a0000 - 0x0000000055a71000 	C:\Program Files\Java\jre1.8.0_201\bin\msvcr100.dll
0x0000000055a80000 - 0x0000000056324000 	C:\Program Files\Java\jre1.8.0_201\bin\server\jvm.dll
0x00007ffe31740000 - 0x00007ffe31748000 	C:\WINDOWS\System32\PSAPI.DLL
0x00007ffe0cf30000 - 0x00007ffe0cf39000 	C:\WINDOWS\SYSTEM32\WSOCK32.dll
0x00007ffe28e10000 - 0x00007ffe28e34000 	C:\WINDOWS\SYSTEM32\WINMM.dll
0x00007ffe253c0000 - 0x00007ffe253ca000 	C:\WINDOWS\SYSTEM32\VERSION.dll
0x00007ffe306c0000 - 0x00007ffe3072f000 	C:\WINDOWS\System32\WS2_32.dll
0x00007ffe28de0000 - 0x00007ffe28e0d000 	C:\WINDOWS\SYSTEM32\WINMMBASE.dll
0x00007ffe2fe50000 - 0x00007ffe2fe9a000 	C:\WINDOWS\System32\cfgmgr32.dll
0x00007ffe28e40000 - 0x00007ffe28e4f000 	C:\Program Files\Java\jre1.8.0_201\bin\verify.dll
0x00007ffe27c90000 - 0x00007ffe27cb9000 	C:\Program Files\Java\jre1.8.0_201\bin\java.dll
0x00007ffe27c50000 - 0x00007ffe27c66000 	C:\Program Files\Java\jre1.8.0_201\bin\zip.dll
0x00007ffe30ac0000 - 0x00007ffe311a5000 	C:\WINDOWS\System32\SHELL32.dll
0x00007ffe30460000 - 0x00007ffe30509000 	C:\WINDOWS\System32\shcore.dll
0x00007ffe2f530000 - 0x00007ffe2fcb0000 	C:\WINDOWS\System32\windows.storage.dll
0x00007ffe2f050000 - 0x00007ffe2f073000 	C:\WINDOWS\System32\profapi.dll
0x00007ffe2f000000 - 0x00007ffe2f04a000 	C:\WINDOWS\System32\powrprof.dll
0x00007ffe2efd0000 - 0x00007ffe2efe0000 	C:\WINDOWS\System32\UMPDC.dll
0x00007ffe30260000 - 0x00007ffe302b2000 	C:\WINDOWS\System32\shlwapi.dll
0x00007ffe2efe0000 - 0x00007ffe2eff1000 	C:\WINDOWS\System32\kernel.appcore.dll
0x00007ffe301a0000 - 0x00007ffe301b7000 	C:\WINDOWS\System32\cryptsp.dll
0x0000000001970000 - 0x0000000001973000 	C:\Program Files\Java\jre1.8.0_201\bin\api-ms-win-core-console-l1-1-0.dll
0x0000000001990000 - 0x0000000001993000 	C:\Program Files\Java\jre1.8.0_201\bin\api-ms-win-core-datetime-l1-1-0.dll
0x00000000019a0000 - 0x00000000019a3000 	C:\Program Files\Java\jre1.8.0_201\bin\api-ms-win-core-debug-l1-1-0.dll
0x00000000019b0000 - 0x00000000019b3000 	C:\Program Files\Java\jre1.8.0_201\bin\api-ms-win-core-errorhandling-l1-1-0.dll
0x00000000019c0000 - 0x00000000019c4000 	C:\Program Files\Java\jre1.8.0_201\bin\api-ms-win-core-file-l1-1-0.dll
0x00000000019d0000 - 0x00000000019d3000 	C:\Program Files\Java\jre1.8.0_201\bin\api-ms-win-core-file-l1-2-0.dll
0x000000001e890000 - 0x000000001e893000 	C:\Program Files\Java\jre1.8.0_201\bin\api-ms-win-core-file-l2-1-0.dll
0x000000001e8a0000 - 0x000000001e8a3000 	C:\Program Files\Java\jre1.8.0_201\bin\api-ms-win-core-handle-l1-1-0.dll
0x000000001e8b0000 - 0x000000001e8b3000 	C:\Program Files\Java\jre1.8.0_201\bin\api-ms-win-core-heap-l1-1-0.dll
0x000000001e8c0000 - 0x000000001e8c3000 	C:\Program Files\Java\jre1.8.0_201\bin\api-ms-win-core-interlocked-l1-1-0.dll
0x000000001e8d0000 - 0x000000001e8d3000 	C:\Program Files\Java\jre1.8.0_201\bin\api-ms-win-core-libraryloader-l1-1-0.dll
0x000000001e8e0000 - 0x000000001e8e3000 	C:\Program Files\Java\jre1.8.0_201\bin\api-ms-win-core-localization-l1-2-0.dll
0x000000001e8f0000 - 0x000000001e8f3000 	C:\Program Files\Java\jre1.8.0_201\bin\api-ms-win-core-memory-l1-1-0.dll
0x000000001e900000 - 0x000000001e903000 	C:\Program Files\Java\jre1.8.0_201\bin\api-ms-win-core-namedpipe-l1-1-0.dll
0x000000001e910000 - 0x000000001e913000 	C:\Program Files\Java\jre1.8.0_201\bin\api-ms-win-core-processenvironment-l1-1-0.dll
0x000000001e920000 - 0x000000001e923000 	C:\Program Files\Java\jre1.8.0_201\bin\api-ms-win-core-processthreads-l1-1-0.dll
0x000000001e930000 - 0x000000001e933000 	C:\Program Files\Java\jre1.8.0_201\bin\api-ms-win-core-processthreads-l1-1-1.dll
0x000000001e940000 - 0x000000001e943000 	C:\Program Files\Java\jre1.8.0_201\bin\api-ms-win-core-profile-l1-1-0.dll
0x000000001e950000 - 0x000000001e953000 	C:\Program Files\Java\jre1.8.0_201\bin\api-ms-win-core-rtlsupport-l1-1-0.dll
0x000000001e960000 - 0x000000001e963000 	C:\Program Files\Java\jre1.8.0_201\bin\api-ms-win-core-string-l1-1-0.dll
0x000000001e970000 - 0x000000001e973000 	C:\Program Files\Java\jre1.8.0_201\bin\api-ms-win-core-synch-l1-1-0.dll
0x000000001e980000 - 0x000000001e983000 	C:\Program Files\Java\jre1.8.0_201\bin\api-ms-win-core-synch-l1-2-0.dll
0x000000001e990000 - 0x000000001e993000 	C:\Program Files\Java\jre1.8.0_201\bin\api-ms-win-core-sysinfo-l1-1-0.dll
0x000000001e9a0000 - 0x000000001e9a3000 	C:\Program Files\Java\jre1.8.0_201\bin\api-ms-win-core-timezone-l1-1-0.dll
0x000000001e9b0000 - 0x000000001e9b3000 	C:\Program Files\Java\jre1.8.0_201\bin\api-ms-win-core-util-l1-1-0.dll
0x000000001e9c0000 - 0x000000001e9c3000 	C:\Program Files\Java\jre1.8.0_201\bin\api-ms-win-crt-conio-l1-1-0.dll
0x000000001e9d0000 - 0x000000001e9d4000 	C:\Program Files\Java\jre1.8.0_201\bin\api-ms-win-crt-convert-l1-1-0.dll
0x000000001e9e0000 - 0x000000001e9e3000 	C:\Program Files\Java\jre1.8.0_201\bin\api-ms-win-crt-environment-l1-1-0.dll
0x000000001e9f0000 - 0x000000001e9f3000 	C:\Program Files\Java\jre1.8.0_201\bin\api-ms-win-crt-filesystem-l1-1-0.dll
0x000000001ea00000 - 0x000000001ea03000 	C:\Program Files\Java\jre1.8.0_201\bin\api-ms-win-crt-heap-l1-1-0.dll
0x000000001ea10000 - 0x000000001ea13000 	C:\Program Files\Java\jre1.8.0_201\bin\api-ms-win-crt-locale-l1-1-0.dll
0x000000001ea20000 - 0x000000001ea25000 	C:\Program Files\Java\jre1.8.0_201\bin\api-ms-win-crt-math-l1-1-0.dll
0x000000001ea30000 - 0x000000001ea35000 	C:\Program Files\Java\jre1.8.0_201\bin\api-ms-win-crt-multibyte-l1-1-0.dll
0x000000001ea40000 - 0x000000001ea50000 	C:\Program Files\Java\jre1.8.0_201\bin\api-ms-win-crt-private-l1-1-0.dll
0x000000001ea50000 - 0x000000001ea53000 	C:\Program Files\Java\jre1.8.0_201\bin\api-ms-win-crt-process-l1-1-0.dll
0x000000001ea60000 - 0x000000001ea64000 	C:\Program Files\Java\jre1.8.0_201\bin\api-ms-win-crt-runtime-l1-1-0.dll
0x000000001ea70000 - 0x000000001ea74000 	C:\Program Files\Java\jre1.8.0_201\bin\api-ms-win-crt-stdio-l1-1-0.dll
0x000000001ea80000 - 0x000000001ea84000 	C:\Program Files\Java\jre1.8.0_201\bin\api-ms-win-crt-string-l1-1-0.dll
0x000000001ea90000 - 0x000000001ea93000 	C:\Program Files\Java\jre1.8.0_201\bin\api-ms-win-crt-time-l1-1-0.dll
0x000000001eaa0000 - 0x000000001eaa3000 	C:\Program Files\Java\jre1.8.0_201\bin\api-ms-win-crt-utility-l1-1-0.dll
0x00007ffe03730000 - 0x00007ffe03826000 	C:\Program Files\Java\jre1.8.0_201\bin\ucrtbase.dll
0x00007ffe22930000 - 0x00007ffe22946000 	C:\Program Files\Java\jre1.8.0_201\bin\vcruntime140.dll
0x00007ffe15e20000 - 0x00007ffe15ebc000 	C:\Program Files\Java\jre1.8.0_201\bin\msvcp140.dll
0x00007ffe15f50000 - 0x00007ffe15fa1000 	C:\Program Files\Java\jre1.8.0_201\bin\concrt140.dll
0x00007ffe21bb0000 - 0x00007ffe21bd3000 	C:\Program Files\Java\jre1.8.0_201\bin\prism_d3d.dll
0x00007ffe00a80000 - 0x00007ffe00c47000 	C:\WINDOWS\system32\d3d9.dll
0x00007ffe2d0e0000 - 0x00007ffe2d10d000 	C:\WINDOWS\SYSTEM32\dwmapi.dll
0x00007ffe2dc40000 - 0x00007ffe2dc60000 	C:\WINDOWS\SYSTEM32\dxcore.dll
0x00007ffe2cd90000 - 0x00007ffe2ce29000 	C:\WINDOWS\system32\uxtheme.dll
0x00007ffe005a0000 - 0x00007ffe00777000 	C:\WINDOWS\System32\DriverStore\FileRepository\k127153.inf_amd64_3f3936d8dec668b8\igdumdim64.dll
0x00007ffdcf460000 - 0x00007ffdd245d000 	C:\WINDOWS\System32\DriverStore\FileRepository\k127153.inf_amd64_3f3936d8dec668b8\igd9dxva64.dll
0x00007ffe31930000 - 0x00007ffe31a87000 	C:\WINDOWS\System32\ole32.dll
0x00007ffe305f0000 - 0x00007ffe306b4000 	C:\WINDOWS\System32\OLEAUT32.dll
0x00007ffe0fa50000 - 0x00007ffe0fa99000 	C:\Program Files\Java\jre1.8.0_201\bin\glass.dll
0x00007ffe317f0000 - 0x00007ffe318c0000 	C:\WINDOWS\System32\COMDLG32.dll
0x00007ffe308e0000 - 0x00007ffe30a16000 	C:\WINDOWS\System32\MSCTF.dll
0x00007ffe13420000 - 0x00007ffe151b5000 	C:\WINDOWS\System32\DriverStore\FileRepository\k127153.inf_amd64_3f3936d8dec668b8\igc64.dll
0x00007ffe27c30000 - 0x00007ffe27c4a000 	C:\Program Files\Java\jre1.8.0_201\bin\net.dll
0x00007ffe20cd0000 - 0x00007ffe20ea5000 	C:\WINDOWS\SYSTEM32\urlmon.dll
0x00007ffe20a20000 - 0x00007ffe20cc6000 	C:\WINDOWS\SYSTEM32\iertutil.dll
0x00007ffe2ea10000 - 0x00007ffe2ea1c000 	C:\WINDOWS\SYSTEM32\CRYPTBASE.DLL
0x00007ffe2e840000 - 0x00007ffe2e8a7000 	C:\WINDOWS\system32\mswsock.dll
0x00007ffe27c10000 - 0x00007ffe27c21000 	C:\Program Files\Java\jre1.8.0_201\bin\nio.dll
0x00007ffe21e20000 - 0x00007ffe21e34000 	C:\Program Files\Java\jre1.8.0_201\bin\javafx_font.dll
0x00007ffe19850000 - 0x00007ffe19b4e000 	C:\WINDOWS\SYSTEM32\dwrite.dll
0x00007ffe20800000 - 0x00007ffe20826000 	C:\Program Files\Java\jre1.8.0_201\bin\javafx_iio.dll
0x00007ffdffd90000 - 0x00007ffdfff29000 	C:\Program Files\Java\jre1.8.0_201\bin\awt.dll
0x00007ffe2cca0000 - 0x00007ffe2cd2f000 	C:\WINDOWS\SYSTEM32\apphelp.dll
0x00007ffe2e350000 - 0x00007ffe2e383000 	C:\WINDOWS\system32\rsaenh.dll
0x00007ffe2ff40000 - 0x00007ffe2ff66000 	C:\WINDOWS\System32\bcrypt.dll
0x00007ffe2eec0000 - 0x00007ffe2eee5000 	C:\WINDOWS\SYSTEM32\USERENV.dll
0x00007ffe2e4f0000 - 0x00007ffe2e52a000 	C:\WINDOWS\SYSTEM32\IPHLPAPI.DLL
0x00007ffe31620000 - 0x00007ffe31628000 	C:\WINDOWS\System32\NSI.dll
0x00007ffe253d0000 - 0x00007ffe253e6000 	C:\WINDOWS\SYSTEM32\dhcpcsvc6.DLL
0x00007ffe25380000 - 0x00007ffe2539c000 	C:\WINDOWS\SYSTEM32\dhcpcsvc.DLL
0x00007ffe2e530000 - 0x00007ffe2e5fa000 	C:\WINDOWS\SYSTEM32\DNSAPI.dll
0x00007ffe1e8a0000 - 0x00007ffe1e8ca000 	C:\Program Files\Java\jre1.8.0_201\bin\dcpr.dll
0x00007ffe0f760000 - 0x00007ffe0f8b6000 	C:\WINDOWS\system32\opengl32.dll
0x00007ffe11da0000 - 0x00007ffe11dcc000 	C:\WINDOWS\SYSTEM32\GLU32.dll
0x00007ffe0f6d0000 - 0x00007ffe0f717000 	C:\Program Files\Java\jre1.8.0_201\bin\fontmanager.dll
0x00007ffe24ba0000 - 0x00007ffe24baa000 	C:\Windows\System32\rasadhlp.dll
0x00007ffe24ed0000 - 0x00007ffe24f47000 	C:\WINDOWS\System32\fwpuclnt.dll
0x00007ffe30540000 - 0x00007ffe305e2000 	C:\WINDOWS\System32\clbcatq.dll
0x00007ffe26280000 - 0x00007ffe2642f000 	C:\WINDOWS\SYSTEM32\WindowsCodecs.dll
0x00007ffe20140000 - 0x00007ffe2017a000 	C:\WINDOWS\system32\dataexchange.dll
0x00007ffe2c030000 - 0x00007ffe2c28b000 	C:\WINDOWS\system32\d3d11.dll
0x00007ffe2be50000 - 0x00007ffe2c02c000 	C:\WINDOWS\system32\dcomp.dll
0x00007ffe2dcd0000 - 0x00007ffe2ddbb000 	C:\WINDOWS\system32\dxgi.dll
0x00007ffe2ce60000 - 0x00007ffe2d0ba000 	C:\WINDOWS\system32\twinapi.appcore.dll

VM Arguments:
jvm_args: -Dfile.encoding=Cp1252 
java_command: cupcarbon.CupCarbon
java_class_path (initial): D:\NCS\UMB\Courses\682-Software development lab\project\IoT-Simulation-Platform\CupCarbon-master\bin;D:\NCS\UMB\Courses\682-Software development lab\project\IoT-Simulation-Platform\CupCarbon-master\lib\openstreetmap\swingx-ws-2007_10_14.jar;D:\NCS\UMB\Courses\682-Software development lab\project\IoT-Simulation-Platform\CupCarbon-master\lib\openstreetmap\swingx.jar;D:\NCS\UMB\Courses\682-Software development lab\project\IoT-Simulation-Platform\CupCarbon-master\lib\opencl\JOCL-0.1.9.jar;D:\NCS\UMB\Courses\682-Software development lab\project\IoT-Simulation-Platform\CupCarbon-master\lib\apache\commons-codec-1.6.jar;D:\NCS\UMB\Courses\682-Software development lab\project\IoT-Simulation-Platform\CupCarbon-master\lib\apache\commons-logging-1.1.3.jar;D:\NCS\UMB\Courses\682-Software development lab\project\IoT-Simulation-Platform\CupCarbon-master\lib\apache\httpclient-4.3.4.jar;D:\NCS\UMB\Courses\682-Software development lab\project\IoT-Simulation-Platform\CupCarbon-master\lib\apache\httpcore-4.3.2.jar;D:\NCS\UMB\Courses\682-Software development lab\project\IoT-Simulation-Platform\CupCarbon-master\lib\java3d\vecmath.jar;D:\NCS\UMB\Courses\682-Software development lab\project\IoT-Simulation-Platform\CupCarbon-master\lib\java3d\j3dcore.jar;D:\NCS\UMB\Courses\682-Software development lab\project\IoT-Simulation-Platform\CupCarbon-master\lib\java3d\j3dutils.jar;D:\NCS\UMB\Courses\682-Software development lab\project\IoT-Simulation-Platform\CupCarbon-master\lib\mongodb\mongo-java-driver-3.4.3-javadoc.jar;D:\NCS\UMB\Courses\682-Software development lab\project\IoT-Simulation-Platform\CupCarbon-master\lib\mongodb\mongo-java-driver-3.4.3.jar;C:\Users\bangt\eclipse\eclipse-2019\plugins\org.junit_4.12.0.v201504281640\junit.jar;C:\Users\bangt\eclipse\eclipse-2019\plugins\org.hamcrest.core_1.3.0.v201303031735.jar;D:\NCS\UMB\Courses\682-Software development lab\project\IoT-Simulation-Platform\CupCarbon-master\lib;D:\NCS\UMB\Courses\682-Software development la
Launcher Type: SUN_STANDARD

Environment Variables:
JAVA_HOME=C:\Program Files\Java\jdk-10.0.2
PATH=C:/Program Files/Java/jre1.8.0_201/bin/server;C:/Program Files/Java/jre1.8.0_201/bin;C:/Program Files/Java/jre1.8.0_201/lib/amd64;C:\Program Files (x86)\Common Files\Oracle\Java\javapath;C:\Program Files (x86)\Intel\iCLS Client\;C:\Program Files\Intel\iCLS Client\;C:\WINDOWS\system32;C:\WINDOWS;C:\WINDOWS\System32\Wbem;C:\WINDOWS\System32\WindowsPowerShell\v1.0\;C:\Program Files (x86)\Intel\Intel(R) Management Engine Components\DAL;C:\Program Files\Intel\Intel(R) Management Engine Components\DAL;C:\Program Files (x86)\Intel\Intel(R) Management Engine Components\IPT;C:\Program Files\Intel\Intel(R) Management Engine Components\IPT;C:\Program Files\PuTTY\;C:\Program Files (x86)\Windows Kits\8.1\Windows Performance Toolkit\;C:\Program Files\Microsoft SQL Server\120\Tools\Binn\;C:\Program Files (x86)\Microsoft SQL Server\Client SDK\ODBC\110\Tools\Binn\;C:\Program Files (x86)\Microsoft SQL Server\120\Tools\Binn\;C:\Program Files (x86)\Microsoft SQL Server\120\DTS\Binn\;C:\Program Files (x86)\Microsoft SQL Server\120\Tools\Binn\ManagementStudio\;C:\MongoDB\Server\3.6\bin;C:\WINDOWS\System32\OpenSSH\;C:\ProgramData\Anaconda3\Scripts;C:\Program Files\Java\jdk-10.0.2\bin;D:\setup\java\apache-ant-1.10.5\bin;D:\setup\java\apache-ant-1.10.5\lib;C:\Program Files\MATLAB\R2017b\runtime\win64;C:\Program Files\MATLAB\R2017b\bin;D:\nodejs\;C:\ProgramData\chocolatey\bin;C:\Program Files\Git\cmd;C:\ProgramData\Anaconda3\Library\mingw-w64;C:\ProgramData\Anaconda3\Library\bin;C:\Users\bangt\AppData\Roaming\Python\Python37\Scripts;C:\Users\bangt\scoop\shims;C:\Python\Python37\Scripts\;C:\Python\Python37\;C:\Users\bangt\AppData\Local\Microsoft\WindowsApps;D:\setup\java\apache-ant-1.10.5\bin\;%JAVA_HOME\bin\%;C:\Users\bangt\AppData\Roaming\npm;C:\Users\bangt\AppData\Local\GitHubDesktop\bin;C:\Users\bangt\eclipse\eclipse-2019;
USERNAME=bangt
OS=Windows_NT
PROCESSOR_IDENTIFIER=Intel64 Family 6 Model 142 Stepping 9, GenuineIntel



---------------  S Y S T E M  ---------------

OS: Windows 10.0 , 64 bit Build 18362 (10.0.18362.778)

CPU:total 4 (initial active 4) (2 cores per cpu, 2 threads per core) family 6 model 142 stepping 9, cmov, cx8, fxsr, mmx, sse, sse2, sse3, ssse3, sse4.1, sse4.2, popcnt, avx, avx2, aes, clmul, erms, 3dnowpref, lzcnt, ht, tsc, tscinvbit, bmi1, bmi2, adx

Memory: 4k page, physical 16643996k(4231888k free), swap 16643996k(3588k free)

vm_info: Java HotSpot(TM) 64-Bit Server VM (25.201-b09) for windows-amd64 JRE (1.8.0_201-b09), built on Dec 15 2018 18:36:39 by "java_re" with MS VC++ 10.0 (VS2010)

time: Mon Apr 27 15:59:15 2020
timezone: Eastern Daylight Time
elapsed time: 68 seconds (0d 0h 1m 8s)

