#
# There is insufficient memory for the Java Runtime Environment to continue.
# Native memory allocation (malloc) failed to allocate 388816 bytes for Chunk::new
# Possible reasons:
#   The system is out of physical RAM or swap space
#   The process is running with CompressedOops enabled, and the Java Heap may be blocking the growth of the native heap
# Possible solutions:
#   Reduce memory load on the system
#   Increase physical memory or swap space
#   Check if swap backing store is full
#   Decrease Java heap size (-Xmx/-Xms)
#   Decrease number of Java threads
#   Decrease Java thread stack sizes (-Xss)
#   Set larger code cache with -XX:ReservedCodeCacheSize=
#   JVM is running with Zero Based Compressed Oops mode in which the Java heap is
#     placed in the first 32GB address space. The Java Heap base address is the
#     maximum limit for the native heap growth. Please use -XX:HeapBaseMinAddress
#     to set the Java Heap base and to place the Java Heap above 32GB virtual address.
# This output file may be truncated or incomplete.
#
#  Out of Memory Error (allocation.cpp:390), pid=15228, tid=0x000000000000252c
#
# JRE version: Java(TM) SE Runtime Environment (8.0_201-b09) (build 1.8.0_201-b09)
# Java VM: Java HotSpot(TM) 64-Bit Server VM (25.201-b09 mixed mode windows-amd64 compressed oops)
# Failed to write core dump. Minidumps are not enabled by default on client versions of Windows
#

---------------  T H R E A D  ---------------

Current thread (0x000000001be75800):  JavaThread "C2 CompilerThread0" daemon [_thread_in_native, id=9516, stack(0x000000001d4d0000,0x000000001d5d0000)]

Stack: [0x000000001d4d0000,0x000000001d5d0000]
[error occurred during error reporting (printing stack bounds), id 0xc0000005]

Native frames: (J=compiled Java code, j=interpreted, Vv=VM code, C=native code)


Current CompileTask:
C2: 186006 9241       4       javafx.scene.Node::impl_updatePeer (364 bytes)


---------------  P R O C E S S  ---------------

Java Threads: ( => current thread )
  0x000000002594d800 JavaThread "tile-pool-3" daemon [_thread_blocked, id=15720, stack(0x000000002d490000,0x000000002d590000)]
  0x0000000025954800 JavaThread "tile-pool-2" daemon [_thread_blocked, id=12656, stack(0x000000002d390000,0x000000002d490000)]
  0x0000000025953800 JavaThread "tile-pool-1" daemon [_thread_blocked, id=9552, stack(0x000000002d290000,0x000000002d390000)]
  0x0000000025951800 JavaThread "tile-pool-0" daemon [_thread_blocked, id=18292, stack(0x000000002b090000,0x000000002b190000)]
  0x000000002594e800 JavaThread "SwingNode Disposer" daemon [_thread_blocked, id=3684, stack(0x000000002a880000,0x000000002a980000)]
  0x0000000026361000 JavaThread "AWT-EventQueue-0" [_thread_blocked, id=16596, stack(0x000000002a480000,0x000000002a580000)]
  0x000000001d839000 JavaThread "AWT-Shutdown" [_thread_blocked, id=17216, stack(0x0000000028f90000,0x0000000029090000)]
  0x0000000026b1d000 JavaThread "AWT-Windows" daemon [_thread_in_native, id=14836, stack(0x0000000029090000,0x0000000029190000)]
  0x0000000025842000 JavaThread "Java2D Disposer" daemon [_thread_blocked, id=8268, stack(0x0000000028e90000,0x0000000028f90000)]
  0x000000002682c000 JavaThread "Prism Font Disposer" daemon [_thread_blocked, id=18996, stack(0x0000000028c50000,0x0000000028d50000)]
  0x000000001d9c3000 JavaThread "JavaFX-Launcher" [_thread_blocked, id=5324, stack(0x0000000025af0000,0x0000000025bf0000)]
  0x000000001d9c8000 JavaThread "Thread-2" daemon [_thread_in_native, id=18188, stack(0x00000000259f0000,0x0000000025af0000)]
  0x000000001d93c000 JavaThread "JavaFX Application Thread" [_thread_in_native, id=5484, stack(0x000000001e540000,0x000000001e640000)]
  0x000000001d93b000 JavaThread "Thread-1" daemon [_thread_blocked, id=15004, stack(0x000000001e440000,0x000000001e540000)]
  0x000000001d918800 JavaThread "QuantumRenderer-0" daemon [_thread_blocked, id=18508, stack(0x000000001dfe0000,0x000000001e0e0000)]
  0x000000001d5da800 JavaThread "Service Thread" daemon [_thread_blocked, id=15628, stack(0x000000001dbd0000,0x000000001dcd0000)]
  0x000000001becb800 JavaThread "C1 CompilerThread2" daemon [_thread_blocked, id=19088, stack(0x000000001dad0000,0x000000001dbd0000)]
  0x000000001becb000 JavaThread "C2 CompilerThread1" daemon [_thread_blocked, id=1756, stack(0x000000001d9d0000,0x000000001dad0000)]
=>0x000000001be75800 JavaThread "C2 CompilerThread0" daemon [_thread_in_native, id=9516, stack(0x000000001d4d0000,0x000000001d5d0000)]
  0x000000001be70800 JavaThread "Attach Listener" daemon [_thread_blocked, id=23328, stack(0x000000001d3d0000,0x000000001d4d0000)]
  0x000000001be6f800 JavaThread "Signal Dispatcher" daemon [_thread_blocked, id=18556, stack(0x000000001d2d0000,0x000000001d3d0000)]
  0x00000000028cc800 JavaThread "Finalizer" daemon [_thread_blocked, id=7056, stack(0x000000001d0d0000,0x000000001d1d0000)]
  0x000000001be39000 JavaThread "Reference Handler" daemon [_thread_blocked, id=14076, stack(0x000000001cfd0000,0x000000001d0d0000)]
  0x00000000027ce800 JavaThread "main" [_thread_blocked, id=23412, stack(0x0000000002670000,0x0000000002770000)]

Other Threads:
  0x000000001be37800 VMThread [stack: 0x000000001ced0000,0x000000001cfd0000] [id=6876]
  0x000000001d5ec000 WatcherThread [stack: 0x000000001dcd0000,0x000000001ddd0000] [id=21420]

VM state:not at safepoint (normal execution)

VM Mutex/Monitor currently owned by a thread: None

heap address: 0x00000006c2000000, size: 4064 MB, Compressed Oops mode: Zero based, Oop shift amount: 3
Narrow klass base: 0x0000000000000000, Narrow klass shift: 3
Compressed class space size: 1073741824 Address: 0x00000007c0000000

Heap:
 PSYoungGen      total 912384K, used 676609K [0x000000076b580000, 0x00000007a6b00000, 0x00000007c0000000)
  eden space 882176K, 75% used [0x000000076b580000,0x0000000794174fe0,0x00000007a1300000)
  from space 30208K, 29% used [0x00000007a4d80000,0x00000007a564b430,0x00000007a6b00000)
  to   space 45056K, 0% used [0x00000007a1300000,0x00000007a1300000,0x00000007a3f00000)
 ParOldGen       total 249344K, used 118065K [0x00000006c2000000, 0x00000006d1380000, 0x000000076b580000)
  object space 249344K, 47% used [0x00000006c2000000,0x00000006c934c6b8,0x00000006d1380000)
 Metaspace       used 32994K, capacity 34970K, committed 35200K, reserved 1079296K
  class space    used 4332K, capacity 4686K, committed 4736K, reserved 1048576K

Card table byte_map: [0x0000000011c90000,0x0000000012490000] byte_map_base: 0x000000000e680000

Marking Bits: (ParMarkBitMap*) 0x00000000562a4ce0
 Begin Bits: [0x0000000012de0000, 0x0000000016d60000)
 End Bits:   [0x0000000016d60000, 0x000000001ace0000)

Polling page: 0x00000000007f0000

CodeCache: size=245760Kb used=26585Kb max_used=27132Kb free=219174Kb
 bounds [0x00000000028d0000, 0x00000000043f0000, 0x00000000118d0000]
 total_blobs=8298 nmethods=7422 adapters=786
 compilation: enabled

Compilation events (10 events):
Event: 185.383 Thread 0x000000001becb800 nmethod 9235 0x00000000033026d0 code [0x0000000003302860, 0x0000000003302cf0]
Event: 185.386 Thread 0x000000001becb800 9238       3       com.sun.prism.impl.GlyphCache::render (326 bytes)
Event: 185.388 Thread 0x000000001becb800 nmethod 9238 0x0000000003902510 code [0x0000000003902840, 0x0000000003903f28]
Event: 185.388 Thread 0x000000001becb800 9239       3       com.sun.javafx.font.directwrite.DWGlyph::getOriginX (12 bytes)
Event: 185.388 Thread 0x000000001becb800 nmethod 9239 0x0000000003e4a3d0 code [0x0000000003e4a540, 0x0000000003e4a6e8]
Event: 185.834 Thread 0x000000001becb800 9240       3       com.sun.scenario.animation.shared.GeneralClipInterpolator::interpolate (143 bytes)
Event: 185.834 Thread 0x000000001becb800 nmethod 9240 0x0000000002ad84d0 code [0x0000000002ad86a0, 0x0000000002ad8c88]
Event: 185.897 Thread 0x000000001be75800 9241       4       javafx.scene.Node::impl_updatePeer (364 bytes)
Event: 185.898 Thread 0x000000001becb800 9242       3       com.sun.javafx.text.TextRun::getPosX (132 bytes)
Event: 185.898 Thread 0x000000001becb800 nmethod 9242 0x0000000002f26cd0 code [0x0000000002f26e60, 0x0000000002f27328]

GC Heap History (10 events):
Event: 165.964 GC heap before
{Heap before GC invocations=22 (full 2):
 PSYoungGen      total 730624K, used 672389K [0x000000076b580000, 0x000000079ba80000, 0x00000007c0000000)
  eden space 669696K, 100% used [0x000000076b580000,0x0000000794380000,0x0000000794380000)
  from space 60928K, 4% used [0x0000000794380000,0x0000000794621798,0x0000000797f00000)
  to   space 56832K, 0% used [0x0000000798300000,0x0000000798300000,0x000000079ba80000)
 ParOldGen       total 249344K, used 103208K [0x00000006c2000000, 0x00000006d1380000, 0x000000076b580000)
  object space 249344K, 41% used [0x00000006c2000000,0x00000006c84ca278,0x00000006d1380000)
 Metaspace       used 32805K, capacity 34712K, committed 34944K, reserved 1079296K
  class space    used 4323K, capacity 4685K, committed 4736K, reserved 1048576K
Event: 165.969 GC heap after
Heap after GC invocations=22 (full 2):
 PSYoungGen      total 726528K, used 1733K [0x000000076b580000, 0x000000079ba80000, 0x00000007c0000000)
  eden space 669696K, 0% used [0x000000076b580000,0x000000076b580000,0x0000000794380000)
  from space 56832K, 3% used [0x0000000798300000,0x00000007984b1570,0x000000079ba80000)
  to   space 60928K, 0% used [0x0000000794380000,0x0000000794380000,0x0000000797f00000)
 ParOldGen       total 249344K, used 106222K [0x00000006c2000000, 0x00000006d1380000, 0x000000076b580000)
  object space 249344K, 42% used [0x00000006c2000000,0x00000006c87bba30,0x00000006d1380000)
 Metaspace       used 32805K, capacity 34712K, committed 34944K, reserved 1079296K
  class space    used 4323K, capacity 4685K, committed 4736K, reserved 1048576K
}
Event: 169.334 GC heap before
{Heap before GC invocations=23 (full 2):
 PSYoungGen      total 726528K, used 671429K [0x000000076b580000, 0x000000079ba80000, 0x00000007c0000000)
  eden space 669696K, 100% used [0x000000076b580000,0x0000000794380000,0x0000000794380000)
  from space 56832K, 3% used [0x0000000798300000,0x00000007984b1570,0x000000079ba80000)
  to   space 60928K, 0% used [0x0000000794380000,0x0000000794380000,0x0000000797f00000)
 ParOldGen       total 249344K, used 106222K [0x00000006c2000000, 0x00000006d1380000, 0x000000076b580000)
  object space 249344K, 42% used [0x00000006c2000000,0x00000006c87bba30,0x00000006d1380000)
 Metaspace       used 32848K, capacity 34776K, committed 34944K, reserved 1079296K
  class space    used 4323K, capacity 4685K, committed 4736K, reserved 1048576K
Event: 169.336 GC heap after
Heap after GC invocations=23 (full 2):
 PSYoungGen      total 730624K, used 544K [0x000000076b580000, 0x000000079ba80000, 0x00000007c0000000)
  eden space 669696K, 0% used [0x000000076b580000,0x000000076b580000,0x0000000794380000)
  from space 60928K, 0% used [0x0000000794380000,0x0000000794408010,0x0000000797f00000)
  to   space 56832K, 0% used [0x0000000798300000,0x0000000798300000,0x000000079ba80000)
 ParOldGen       total 249344K, used 107766K [0x00000006c2000000, 0x00000006d1380000, 0x000000076b580000)
  object space 249344K, 43% used [0x00000006c2000000,0x00000006c893d868,0x00000006d1380000)
 Metaspace       used 32848K, capacity 34776K, committed 34944K, reserved 1079296K
  class space    used 4323K, capacity 4685K, committed 4736K, reserved 1048576K
}
Event: 170.870 GC heap before
{Heap before GC invocations=24 (full 2):
 PSYoungGen      total 730624K, used 670240K [0x000000076b580000, 0x000000079ba80000, 0x00000007c0000000)
  eden space 669696K, 100% used [0x000000076b580000,0x0000000794380000,0x0000000794380000)
  from space 60928K, 0% used [0x0000000794380000,0x0000000794408010,0x0000000797f00000)
  to   space 56832K, 0% used [0x0000000798300000,0x0000000798300000,0x000000079ba80000)
 ParOldGen       total 249344K, used 107766K [0x00000006c2000000, 0x00000006d1380000, 0x000000076b580000)
  object space 249344K, 43% used [0x00000006c2000000,0x00000006c893d868,0x00000006d1380000)
 Metaspace       used 32852K, capacity 34776K, committed 34944K, reserved 1079296K
  class space    used 4323K, capacity 4685K, committed 4736K, reserved 1048576K
Event: 170.873 GC heap after
Heap after GC invocations=24 (full 2):
 PSYoungGen      total 726528K, used 5216K [0x000000076b580000, 0x000000079ba80000, 0x00000007c0000000)
  eden space 669696K, 0% used [0x000000076b580000,0x000000076b580000,0x0000000794380000)
  from space 56832K, 9% used [0x0000000798300000,0x0000000798818120,0x000000079ba80000)
  to   space 60928K, 0% used [0x0000000794380000,0x0000000794380000,0x0000000797f00000)
 ParOldGen       total 249344K, used 108093K [0x00000006c2000000, 0x00000006d1380000, 0x000000076b580000)
  object space 249344K, 43% used [0x00000006c2000000,0x00000006c898f490,0x00000006d1380000)
 Metaspace       used 32852K, capacity 34776K, committed 34944K, reserved 1079296K
  class space    used 4323K, capacity 4685K, committed 4736K, reserved 1048576K
}
Event: 175.260 GC heap before
{Heap before GC invocations=25 (full 2):
 PSYoungGen      total 726528K, used 674912K [0x000000076b580000, 0x000000079ba80000, 0x00000007c0000000)
  eden space 669696K, 100% used [0x000000076b580000,0x0000000794380000,0x0000000794380000)
  from space 56832K, 9% used [0x0000000798300000,0x0000000798818120,0x000000079ba80000)
  to   space 60928K, 0% used [0x0000000794380000,0x0000000794380000,0x0000000797f00000)
 ParOldGen       total 249344K, used 108093K [0x00000006c2000000, 0x00000006d1380000, 0x000000076b580000)
  object space 249344K, 43% used [0x00000006c2000000,0x00000006c898f490,0x00000006d1380000)
 Metaspace       used 32906K, capacity 34776K, committed 34944K, reserved 1079296K
  class space    used 4324K, capacity 4685K, committed 4736K, reserved 1048576K
Event: 175.264 GC heap after
Heap after GC invocations=25 (full 2):
 PSYoungGen      total 730624K, used 4576K [0x000000076b580000, 0x00000007a7d00000, 0x00000007c0000000)
  eden space 669696K, 0% used [0x000000076b580000,0x000000076b580000,0x0000000794380000)
  from space 60928K, 7% used [0x0000000794380000,0x00000007947f8100,0x0000000797f00000)
  to   space 48640K, 0% used [0x00000007a4d80000,0x00000007a4d80000,0x00000007a7d00000)
 ParOldGen       total 249344K, used 112720K [0x00000006c2000000, 0x00000006d1380000, 0x000000076b580000)
  object space 249344K, 45% used [0x00000006c2000000,0x00000006c8e14168,0x00000006d1380000)
 Metaspace       used 32906K, capacity 34776K, committed 34944K, reserved 1079296K
  class space    used 4324K, capacity 4685K, committed 4736K, reserved 1048576K
}
Event: 178.749 GC heap before
{Heap before GC invocations=26 (full 2):
 PSYoungGen      total 730624K, used 674272K [0x000000076b580000, 0x00000007a7d00000, 0x00000007c0000000)
  eden space 669696K, 100% used [0x000000076b580000,0x0000000794380000,0x0000000794380000)
  from space 60928K, 7% used [0x0000000794380000,0x00000007947f8100,0x0000000797f00000)
  to   space 48640K, 0% used [0x00000007a4d80000,0x00000007a4d80000,0x00000007a7d00000)
 ParOldGen       total 249344K, used 112720K [0x00000006c2000000, 0x00000006d1380000, 0x000000076b580000)
  object space 249344K, 45% used [0x00000006c2000000,0x00000006c8e14168,0x00000006d1380000)
 Metaspace       used 32930K, capacity 34840K, committed 34944K, reserved 1079296K
  class space    used 4324K, capacity 4685K, committed 4736K, reserved 1048576K
Event: 178.754 GC heap after
Heap after GC invocations=26 (full 2):
 PSYoungGen      total 912384K, used 9005K [0x000000076b580000, 0x00000007a6b00000, 0x00000007c0000000)
  eden space 882176K, 0% used [0x000000076b580000,0x000000076b580000,0x00000007a1300000)
  from space 30208K, 29% used [0x00000007a4d80000,0x00000007a564b430,0x00000007a6b00000)
  to   space 45056K, 0% used [0x00000007a1300000,0x00000007a1300000,0x00000007a3f00000)
 ParOldGen       total 249344K, used 118065K [0x00000006c2000000, 0x00000006d1380000, 0x000000076b580000)
  object space 249344K, 47% used [0x00000006c2000000,0x00000006c934c6b8,0x00000006d1380000)
 Metaspace       used 32930K, capacity 34840K, committed 34944K, reserved 1079296K
  class space    used 4324K, capacity 4685K, committed 4736K, reserved 1048576K
}

Deoptimization events (10 events):
Event: 183.028 Thread 0x000000001d93c000 Uncommon trap: reason=unstable_if action=reinterpret pc=0x00000000040eb284 method=com.sun.javafx.scene.control.skin.TextFieldSkin.updateTextNodeCaretPos(I)V @ 1
Event: 183.034 Thread 0x000000001d918800 Uncommon trap: reason=class_check action=maybe_recompile pc=0x0000000003050e84 method=com.sun.javafx.sg.prism.NGShape.renderContent(Lcom/sun/prism/Graphics;)V @ 454
Event: 183.738 Thread 0x000000001d918800 Uncommon trap: reason=unstable_if action=reinterpret pc=0x000000000421f5cc method=com.sun.prism.impl.GlyphCache.render(Lcom/sun/prism/impl/BaseContext;Lcom/sun/javafx/scene/text/GlyphList;FFIILcom/sun/prism/paint/Color;Lcom/sun/prism/paint/Color;Lcom/sun/
Event: 184.046 Thread 0x000000001d93c000 Uncommon trap: reason=unstable_if action=reinterpret pc=0x00000000042599a0 method=javafx.scene.text.Text$TextAttribute$11.computeValue()[Ljavafx/scene/shape/PathElement; @ 29
Event: 185.016 Thread 0x000000001d93c000 Uncommon trap: reason=unstable_if action=reinterpret pc=0x0000000004191fa0 method=com.sun.javafx.font.CompositeGlyphMapper.getAsciiGlyphCode(I)I @ 10
Event: 185.181 Thread 0x000000001d93c000 Uncommon trap: reason=unstable_if action=reinterpret pc=0x00000000041983c4 method=com.sun.javafx.font.CompositeGlyphMapper.getAsciiGlyphCode(I)I @ 10
Event: 185.382 Thread 0x000000001d93c000 Uncommon trap: reason=class_check action=maybe_recompile pc=0x0000000004274bfc method=java.lang.Character.isIdeographic(I)Z @ 5
Event: 185.382 Thread 0x000000001d93c000 Uncommon trap: reason=unstable_if action=reinterpret pc=0x0000000004193bcc method=com.sun.javafx.text.ScriptMapper.getScript(I)I @ 62
Event: 185.382 Thread 0x000000001d93c000 Uncommon trap: reason=unstable_if action=reinterpret pc=0x00000000035b8130 method=com.sun.javafx.text.ScriptMapper.isComplexCharCode(I)Z @ 4
Event: 185.383 Thread 0x000000001d93c000 Uncommon trap: reason=class_check action=maybe_recompile pc=0x0000000004274bfc method=java.lang.Character.isIdeographic(I)Z @ 5

Classes redefined (0 events):
No events

Internal exceptions (10 events):
Event: 9.185 Thread 0x000000001d93c000 Implicit null exception at 0x000000000315e4b1 to 0x000000000315ea25
Event: 10.523 Thread 0x000000001d93c000 Exception <a 'java/io/FileNotFoundException'> (0x000000076c87b7c0) thrown at [C:\re\workspace\8-2-build-windows-amd64-cygwin\jdk8u201\12322\hotspot\src\share\vm\prims\jni.cpp, line 709]
Event: 32.625 Thread 0x000000001d918800 Implicit null exception at 0x00000000035cf81e to 0x00000000035cff57
Event: 79.226 Thread 0x000000001d93c000 Implicit null exception at 0x0000000003bf6fdb to 0x0000000003c0059d
Event: 79.266 Thread 0x000000001d93c000 Implicit null exception at 0x0000000003bd2a19 to 0x0000000003bd2fdd
Event: 121.988 Thread 0x0000000026361000 Implicit null exception at 0x0000000002bb2a22 to 0x0000000002bb2b79
Event: 122.878 Thread 0x000000001d93c000 Implicit null exception at 0x0000000003762bdf to 0x00000000037645bd
Event: 122.899 Thread 0x000000001d93c000 Implicit null exception at 0x000000000374d98b to 0x000000000374d9e1
Event: 122.902 Thread 0x000000001d918800 Implicit null exception at 0x00000000034523ec to 0x0000000003452461
Event: 175.253 Thread 0x000000001d93c000 Implicit null exception at 0x0000000002ee87a9 to 0x0000000002ee8995

Events (10 events):
Event: 185.382 Thread 0x000000001d93c000 DEOPT UNPACKING pc=0x000000000291583b sp=0x000000001e63abc8 mode 2
Event: 185.382 Thread 0x000000001d93c000 Uncommon trap: trap_request=0xffffff65 fr.pc=0x00000000035b8130
Event: 185.382 Thread 0x000000001d93c000 DEOPT PACKING pc=0x00000000035b8130 sp=0x000000001e63ac50
Event: 185.382 Thread 0x000000001d93c000 DEOPT UNPACKING pc=0x000000000291583b sp=0x000000001e63abe8 mode 2
Event: 185.383 Thread 0x000000001d93c000 Uncommon trap: trap_request=0xffffffde fr.pc=0x0000000004274bfc
Event: 185.383 Thread 0x000000001d93c000 DEOPT PACKING pc=0x0000000004274bfc sp=0x000000001e63ac00
Event: 185.383 Thread 0x000000001d93c000 DEOPT UNPACKING pc=0x000000000291583b sp=0x000000001e63ab28 mode 2
Event: 185.418 Executing VM operation: RevokeBias
Event: 185.418 Executing VM operation: RevokeBias done
Event: 185.418 Thread 0x000000002594f000 Thread exited: 0x000000002594f000


Dynamic libraries:
0x00007ff77eb80000 - 0x00007ff77ebb7000 	C:\Program Files\Java\jre1.8.0_201\bin\javaw.exe
0x00007ffe32140000 - 0x00007ffe32330000 	C:\WINDOWS\SYSTEM32\ntdll.dll
0x00007ffe31bb0000 - 0x00007ffe31c62000 	C:\WINDOWS\System32\KERNEL32.DLL
0x00007ffe2f280000 - 0x00007ffe2f523000 	C:\WINDOWS\System32\KERNELBASE.dll
0x00007ffe31630000 - 0x00007ffe316d3000 	C:\WINDOWS\System32\ADVAPI32.dll
0x00007ffe32030000 - 0x00007ffe320ce000 	C:\WINDOWS\System32\msvcrt.dll
0x00007ffe31750000 - 0x00007ffe317e7000 	C:\WINDOWS\System32\sechost.dll
0x00007ffe31a90000 - 0x00007ffe31bb0000 	C:\WINDOWS\System32\RPCRT4.dll
0x00007ffe302c0000 - 0x00007ffe30454000 	C:\WINDOWS\System32\USER32.dll
0x00007ffe2f250000 - 0x00007ffe2f271000 	C:\WINDOWS\System32\win32u.dll
0x00007ffe30510000 - 0x00007ffe30536000 	C:\WINDOWS\System32\GDI32.dll
0x00007ffe2fcb0000 - 0x00007ffe2fe44000 	C:\WINDOWS\System32\gdi32full.dll
0x00007ffe2fea0000 - 0x00007ffe2ff3e000 	C:\WINDOWS\System32\msvcp_win.dll
0x00007ffe2f0a0000 - 0x00007ffe2f19a000 	C:\WINDOWS\System32\ucrtbase.dll
0x00007ffe17670000 - 0x00007ffe178f5000 	C:\WINDOWS\WinSxS\amd64_microsoft.windows.common-controls_6595b64144ccf1df_6.0.18362.778_none_e6c6b761130d4fb8\COMCTL32.dll
0x00007ffe31cf0000 - 0x00007ffe32026000 	C:\WINDOWS\System32\combase.dll
0x00007ffe30120000 - 0x00007ffe301a0000 	C:\WINDOWS\System32\bcryptPrimitives.dll
0x00007ffe30230000 - 0x00007ffe3025e000 	C:\WINDOWS\System32\IMM32.DLL
0x00000000559a0000 - 0x0000000055a71000 	C:\Program Files\Java\jre1.8.0_201\bin\msvcr100.dll
0x0000000055a80000 - 0x0000000056324000 	C:\Program Files\Java\jre1.8.0_201\bin\server\jvm.dll
0x00007ffe31740000 - 0x00007ffe31748000 	C:\WINDOWS\System32\PSAPI.DLL
0x00007ffe0cf30000 - 0x00007ffe0cf39000 	C:\WINDOWS\SYSTEM32\WSOCK32.dll
0x00007ffe306c0000 - 0x00007ffe3072f000 	C:\WINDOWS\System32\WS2_32.dll
0x00007ffe28e10000 - 0x00007ffe28e34000 	C:\WINDOWS\SYSTEM32\WINMM.dll
0x00007ffe253c0000 - 0x00007ffe253ca000 	C:\WINDOWS\SYSTEM32\VERSION.dll
0x00007ffe28de0000 - 0x00007ffe28e0d000 	C:\WINDOWS\SYSTEM32\WINMMBASE.dll
0x00007ffe2fe50000 - 0x00007ffe2fe9a000 	C:\WINDOWS\System32\cfgmgr32.dll
0x00007ffe227d0000 - 0x00007ffe227df000 	C:\Program Files\Java\jre1.8.0_201\bin\verify.dll
0x00007ffe18fc0000 - 0x00007ffe18fe9000 	C:\Program Files\Java\jre1.8.0_201\bin\java.dll
0x00007ffe1e950000 - 0x00007ffe1e966000 	C:\Program Files\Java\jre1.8.0_201\bin\zip.dll
0x00007ffe30ac0000 - 0x00007ffe311a5000 	C:\WINDOWS\System32\SHELL32.dll
0x00007ffe30460000 - 0x00007ffe30509000 	C:\WINDOWS\System32\shcore.dll
0x00007ffe2f530000 - 0x00007ffe2fcb0000 	C:\WINDOWS\System32\windows.storage.dll
0x00007ffe2f050000 - 0x00007ffe2f073000 	C:\WINDOWS\System32\profapi.dll
0x00007ffe2f000000 - 0x00007ffe2f04a000 	C:\WINDOWS\System32\powrprof.dll
0x00007ffe2efd0000 - 0x00007ffe2efe0000 	C:\WINDOWS\System32\UMPDC.dll
0x00007ffe30260000 - 0x00007ffe302b2000 	C:\WINDOWS\System32\shlwapi.dll
0x00007ffe2efe0000 - 0x00007ffe2eff1000 	C:\WINDOWS\System32\kernel.appcore.dll
0x00007ffe301a0000 - 0x00007ffe301b7000 	C:\WINDOWS\System32\cryptsp.dll
0x0000000002640000 - 0x0000000002643000 	C:\Program Files\Java\jre1.8.0_201\bin\api-ms-win-core-console-l1-1-0.dll
0x0000000002650000 - 0x0000000002653000 	C:\Program Files\Java\jre1.8.0_201\bin\api-ms-win-core-datetime-l1-1-0.dll
0x0000000002770000 - 0x0000000002773000 	C:\Program Files\Java\jre1.8.0_201\bin\api-ms-win-core-debug-l1-1-0.dll
0x0000000002780000 - 0x0000000002783000 	C:\Program Files\Java\jre1.8.0_201\bin\api-ms-win-core-errorhandling-l1-1-0.dll
0x0000000002790000 - 0x0000000002794000 	C:\Program Files\Java\jre1.8.0_201\bin\api-ms-win-core-file-l1-1-0.dll
0x00000000027a0000 - 0x00000000027a3000 	C:\Program Files\Java\jre1.8.0_201\bin\api-ms-win-core-file-l1-2-0.dll
0x00000000027b0000 - 0x00000000027b3000 	C:\Program Files\Java\jre1.8.0_201\bin\api-ms-win-core-file-l2-1-0.dll
0x000000001ddd0000 - 0x000000001ddd3000 	C:\Program Files\Java\jre1.8.0_201\bin\api-ms-win-core-handle-l1-1-0.dll
0x000000001dde0000 - 0x000000001dde3000 	C:\Program Files\Java\jre1.8.0_201\bin\api-ms-win-core-heap-l1-1-0.dll
0x000000001ddf0000 - 0x000000001ddf3000 	C:\Program Files\Java\jre1.8.0_201\bin\api-ms-win-core-interlocked-l1-1-0.dll
0x000000001de00000 - 0x000000001de03000 	C:\Program Files\Java\jre1.8.0_201\bin\api-ms-win-core-libraryloader-l1-1-0.dll
0x000000001de10000 - 0x000000001de13000 	C:\Program Files\Java\jre1.8.0_201\bin\api-ms-win-core-localization-l1-2-0.dll
0x000000001de20000 - 0x000000001de23000 	C:\Program Files\Java\jre1.8.0_201\bin\api-ms-win-core-memory-l1-1-0.dll
0x000000001de30000 - 0x000000001de33000 	C:\Program Files\Java\jre1.8.0_201\bin\api-ms-win-core-namedpipe-l1-1-0.dll
0x000000001de40000 - 0x000000001de43000 	C:\Program Files\Java\jre1.8.0_201\bin\api-ms-win-core-processenvironment-l1-1-0.dll
0x000000001de50000 - 0x000000001de53000 	C:\Program Files\Java\jre1.8.0_201\bin\api-ms-win-core-processthreads-l1-1-0.dll
0x000000001de60000 - 0x000000001de63000 	C:\Program Files\Java\jre1.8.0_201\bin\api-ms-win-core-processthreads-l1-1-1.dll
0x000000001de70000 - 0x000000001de73000 	C:\Program Files\Java\jre1.8.0_201\bin\api-ms-win-core-profile-l1-1-0.dll
0x000000001de80000 - 0x000000001de83000 	C:\Program Files\Java\jre1.8.0_201\bin\api-ms-win-core-rtlsupport-l1-1-0.dll
0x000000001de90000 - 0x000000001de93000 	C:\Program Files\Java\jre1.8.0_201\bin\api-ms-win-core-string-l1-1-0.dll
0x000000001dea0000 - 0x000000001dea3000 	C:\Program Files\Java\jre1.8.0_201\bin\api-ms-win-core-synch-l1-1-0.dll
0x000000001deb0000 - 0x000000001deb3000 	C:\Program Files\Java\jre1.8.0_201\bin\api-ms-win-core-synch-l1-2-0.dll
0x000000001dec0000 - 0x000000001dec3000 	C:\Program Files\Java\jre1.8.0_201\bin\api-ms-win-core-sysinfo-l1-1-0.dll
0x000000001ded0000 - 0x000000001ded3000 	C:\Program Files\Java\jre1.8.0_201\bin\api-ms-win-core-timezone-l1-1-0.dll
0x000000001dee0000 - 0x000000001dee3000 	C:\Program Files\Java\jre1.8.0_201\bin\api-ms-win-core-util-l1-1-0.dll
0x000000001def0000 - 0x000000001def3000 	C:\Program Files\Java\jre1.8.0_201\bin\api-ms-win-crt-conio-l1-1-0.dll
0x000000001df00000 - 0x000000001df04000 	C:\Program Files\Java\jre1.8.0_201\bin\api-ms-win-crt-convert-l1-1-0.dll
0x000000001df10000 - 0x000000001df13000 	C:\Program Files\Java\jre1.8.0_201\bin\api-ms-win-crt-environment-l1-1-0.dll
0x000000001df20000 - 0x000000001df23000 	C:\Program Files\Java\jre1.8.0_201\bin\api-ms-win-crt-filesystem-l1-1-0.dll
0x000000001df30000 - 0x000000001df33000 	C:\Program Files\Java\jre1.8.0_201\bin\api-ms-win-crt-heap-l1-1-0.dll
0x000000001df40000 - 0x000000001df43000 	C:\Program Files\Java\jre1.8.0_201\bin\api-ms-win-crt-locale-l1-1-0.dll
0x000000001df50000 - 0x000000001df55000 	C:\Program Files\Java\jre1.8.0_201\bin\api-ms-win-crt-math-l1-1-0.dll
0x000000001df60000 - 0x000000001df65000 	C:\Program Files\Java\jre1.8.0_201\bin\api-ms-win-crt-multibyte-l1-1-0.dll
0x000000001df70000 - 0x000000001df80000 	C:\Program Files\Java\jre1.8.0_201\bin\api-ms-win-crt-private-l1-1-0.dll
0x000000001df80000 - 0x000000001df83000 	C:\Program Files\Java\jre1.8.0_201\bin\api-ms-win-crt-process-l1-1-0.dll
0x000000001df90000 - 0x000000001df94000 	C:\Program Files\Java\jre1.8.0_201\bin\api-ms-win-crt-runtime-l1-1-0.dll
0x000000001dfa0000 - 0x000000001dfa4000 	C:\Program Files\Java\jre1.8.0_201\bin\api-ms-win-crt-stdio-l1-1-0.dll
0x000000001dfb0000 - 0x000000001dfb4000 	C:\Program Files\Java\jre1.8.0_201\bin\api-ms-win-crt-string-l1-1-0.dll
0x000000001dfc0000 - 0x000000001dfc3000 	C:\Program Files\Java\jre1.8.0_201\bin\api-ms-win-crt-time-l1-1-0.dll
0x000000001dfd0000 - 0x000000001dfd3000 	C:\Program Files\Java\jre1.8.0_201\bin\api-ms-win-crt-utility-l1-1-0.dll
0x00007ffe02070000 - 0x00007ffe02166000 	C:\Program Files\Java\jre1.8.0_201\bin\ucrtbase.dll
0x00007ffe22a30000 - 0x00007ffe22a46000 	C:\Program Files\Java\jre1.8.0_201\bin\vcruntime140.dll
0x00007ffe18ca0000 - 0x00007ffe18d3c000 	C:\Program Files\Java\jre1.8.0_201\bin\msvcp140.dll
0x00007ffe1e8f0000 - 0x00007ffe1e941000 	C:\Program Files\Java\jre1.8.0_201\bin\concrt140.dll
0x00007ffe21b90000 - 0x00007ffe21bb3000 	C:\Program Files\Java\jre1.8.0_201\bin\prism_d3d.dll
0x00007ffe01ea0000 - 0x00007ffe02067000 	C:\WINDOWS\system32\d3d9.dll
0x00007ffe2d0e0000 - 0x00007ffe2d10d000 	C:\WINDOWS\SYSTEM32\dwmapi.dll
0x00007ffe2dc40000 - 0x00007ffe2dc60000 	C:\WINDOWS\SYSTEM32\dxcore.dll
0x00007ffe2cd90000 - 0x00007ffe2ce29000 	C:\WINDOWS\system32\uxtheme.dll
0x00007ffdfe990000 - 0x00007ffdfeb67000 	C:\WINDOWS\System32\DriverStore\FileRepository\k127153.inf_amd64_3f3936d8dec668b8\igdumdim64.dll
0x00007ffdd6360000 - 0x00007ffdd935d000 	C:\WINDOWS\System32\DriverStore\FileRepository\k127153.inf_amd64_3f3936d8dec668b8\igd9dxva64.dll
0x00007ffe31930000 - 0x00007ffe31a87000 	C:\WINDOWS\System32\ole32.dll
0x00007ffe305f0000 - 0x00007ffe306b4000 	C:\WINDOWS\System32\OLEAUT32.dll
0x00007ffe19620000 - 0x00007ffe19669000 	C:\Program Files\Java\jre1.8.0_201\bin\glass.dll
0x00007ffe317f0000 - 0x00007ffe318c0000 	C:\WINDOWS\System32\COMDLG32.dll
0x00007ffe308e0000 - 0x00007ffe30a16000 	C:\WINDOWS\System32\MSCTF.dll
0x00007ffe13420000 - 0x00007ffe151b5000 	C:\WINDOWS\System32\DriverStore\FileRepository\k127153.inf_amd64_3f3936d8dec668b8\igc64.dll
0x00007ffe1bca0000 - 0x00007ffe1bcba000 	C:\Program Files\Java\jre1.8.0_201\bin\net.dll
0x00007ffe20cd0000 - 0x00007ffe20ea5000 	C:\WINDOWS\SYSTEM32\urlmon.dll
0x00007ffe20a20000 - 0x00007ffe20cc6000 	C:\WINDOWS\SYSTEM32\iertutil.dll
0x00007ffe2ea10000 - 0x00007ffe2ea1c000 	C:\WINDOWS\SYSTEM32\CRYPTBASE.DLL
0x00007ffe2e840000 - 0x00007ffe2e8a7000 	C:\WINDOWS\system32\mswsock.dll
0x00007ffe19230000 - 0x00007ffe19241000 	C:\Program Files\Java\jre1.8.0_201\bin\nio.dll
0x00007ffe22810000 - 0x00007ffe22824000 	C:\Program Files\Java\jre1.8.0_201\bin\javafx_font.dll
0x00007ffe19850000 - 0x00007ffe19b4e000 	C:\WINDOWS\SYSTEM32\dwrite.dll
0x00007ffe1e9d0000 - 0x00007ffe1e9f6000 	C:\Program Files\Java\jre1.8.0_201\bin\javafx_iio.dll
0x00007ffe01760000 - 0x00007ffe018f9000 	C:\Program Files\Java\jre1.8.0_201\bin\awt.dll
0x00007ffe2cca0000 - 0x00007ffe2cd2f000 	C:\WINDOWS\SYSTEM32\apphelp.dll
0x00007ffe2e350000 - 0x00007ffe2e383000 	C:\WINDOWS\system32\rsaenh.dll
0x00007ffe2ff40000 - 0x00007ffe2ff66000 	C:\WINDOWS\System32\bcrypt.dll
0x00007ffe2eec0000 - 0x00007ffe2eee5000 	C:\WINDOWS\SYSTEM32\USERENV.dll
0x00007ffe2e4f0000 - 0x00007ffe2e52a000 	C:\WINDOWS\SYSTEM32\IPHLPAPI.DLL
0x00007ffe31620000 - 0x00007ffe31628000 	C:\WINDOWS\System32\NSI.dll
0x00007ffe253d0000 - 0x00007ffe253e6000 	C:\WINDOWS\SYSTEM32\dhcpcsvc6.DLL
0x00007ffe25380000 - 0x00007ffe2539c000 	C:\WINDOWS\SYSTEM32\dhcpcsvc.DLL
0x00007ffe2e530000 - 0x00007ffe2e5fa000 	C:\WINDOWS\SYSTEM32\DNSAPI.dll
0x00007ffe1e8c0000 - 0x00007ffe1e8ea000 	C:\Program Files\Java\jre1.8.0_201\bin\dcpr.dll
0x00007ffe0f760000 - 0x00007ffe0f8b6000 	C:\WINDOWS\system32\opengl32.dll
0x00007ffe11da0000 - 0x00007ffe11dcc000 	C:\WINDOWS\SYSTEM32\GLU32.dll
0x00007ffe19030000 - 0x00007ffe19077000 	C:\Program Files\Java\jre1.8.0_201\bin\fontmanager.dll
0x00007ffe24ba0000 - 0x00007ffe24baa000 	C:\Windows\System32\rasadhlp.dll
0x00007ffe24ed0000 - 0x00007ffe24f47000 	C:\WINDOWS\System32\fwpuclnt.dll
0x00007ffe30540000 - 0x00007ffe305e2000 	C:\WINDOWS\System32\clbcatq.dll
0x00007ffe26280000 - 0x00007ffe2642f000 	C:\WINDOWS\SYSTEM32\WindowsCodecs.dll
0x00007ffe20140000 - 0x00007ffe2017a000 	C:\WINDOWS\system32\dataexchange.dll
0x00007ffe2c030000 - 0x00007ffe2c28b000 	C:\WINDOWS\system32\d3d11.dll
0x00007ffe2be50000 - 0x00007ffe2c02c000 	C:\WINDOWS\system32\dcomp.dll
0x00007ffe2dcd0000 - 0x00007ffe2ddbb000 	C:\WINDOWS\system32\dxgi.dll
0x00007ffe2ce60000 - 0x00007ffe2d0ba000 	C:\WINDOWS\system32\twinapi.appcore.dll

VM Arguments:
jvm_args: -Dfile.encoding=Cp1252 
java_command: cupcarbon.CupCarbon
java_class_path (initial): D:\NCS\UMB\Courses\682-Software development lab\project\IoT-Simulation-Platform\CupCarbon-master\bin;D:\NCS\UMB\Courses\682-Software development lab\project\IoT-Simulation-Platform\CupCarbon-master\lib\openstreetmap\swingx-ws-2007_10_14.jar;D:\NCS\UMB\Courses\682-Software development lab\project\IoT-Simulation-Platform\CupCarbon-master\lib\openstreetmap\swingx.jar;D:\NCS\UMB\Courses\682-Software development lab\project\IoT-Simulation-Platform\CupCarbon-master\lib\opencl\JOCL-0.1.9.jar;D:\NCS\UMB\Courses\682-Software development lab\project\IoT-Simulation-Platform\CupCarbon-master\lib\apache\commons-codec-1.6.jar;D:\NCS\UMB\Courses\682-Software development lab\project\IoT-Simulation-Platform\CupCarbon-master\lib\apache\commons-logging-1.1.3.jar;D:\NCS\UMB\Courses\682-Software development lab\project\IoT-Simulation-Platform\CupCarbon-master\lib\apache\httpclient-4.3.4.jar;D:\NCS\UMB\Courses\682-Software development lab\project\IoT-Simulation-Platform\CupCarbon-master\lib\apache\httpcore-4.3.2.jar;D:\NCS\UMB\Courses\682-Software development lab\project\IoT-Simulation-Platform\CupCarbon-master\lib\java3d\vecmath.jar;D:\NCS\UMB\Courses\682-Software development lab\project\IoT-Simulation-Platform\CupCarbon-master\lib\java3d\j3dcore.jar;D:\NCS\UMB\Courses\682-Software development lab\project\IoT-Simulation-Platform\CupCarbon-master\lib\java3d\j3dutils.jar;D:\NCS\UMB\Courses\682-Software development lab\project\IoT-Simulation-Platform\CupCarbon-master\lib\mongodb\mongo-java-driver-3.4.3-javadoc.jar;D:\NCS\UMB\Courses\682-Software development lab\project\IoT-Simulation-Platform\CupCarbon-master\lib\mongodb\mongo-java-driver-3.4.3.jar;C:\Users\bangt\eclipse\eclipse-2019\plugins\org.junit_4.12.0.v201504281640\junit.jar;C:\Users\bangt\eclipse\eclipse-2019\plugins\org.hamcrest.core_1.3.0.v201303031735.jar;D:\NCS\UMB\Courses\682-Software development lab\project\IoT-Simulation-Platform\CupCarbon-master\lib;D:\NCS\UMB\Courses\682-Software development la
Launcher Type: SUN_STANDARD

Environment Variables:
JAVA_HOME=C:\Program Files\Java\jdk-10.0.2
PATH=C:/Program Files/Java/jre1.8.0_201/bin/server;C:/Program Files/Java/jre1.8.0_201/bin;C:/Program Files/Java/jre1.8.0_201/lib/amd64;C:\Program Files (x86)\Common Files\Oracle\Java\javapath;C:\Program Files (x86)\Intel\iCLS Client\;C:\Program Files\Intel\iCLS Client\;C:\WINDOWS\system32;C:\WINDOWS;C:\WINDOWS\System32\Wbem;C:\WINDOWS\System32\WindowsPowerShell\v1.0\;C:\Program Files (x86)\Intel\Intel(R) Management Engine Components\DAL;C:\Program Files\Intel\Intel(R) Management Engine Components\DAL;C:\Program Files (x86)\Intel\Intel(R) Management Engine Components\IPT;C:\Program Files\Intel\Intel(R) Management Engine Components\IPT;C:\Program Files\PuTTY\;C:\Program Files (x86)\Windows Kits\8.1\Windows Performance Toolkit\;C:\Program Files\Microsoft SQL Server\120\Tools\Binn\;C:\Program Files (x86)\Microsoft SQL Server\Client SDK\ODBC\110\Tools\Binn\;C:\Program Files (x86)\Microsoft SQL Server\120\Tools\Binn\;C:\Program Files (x86)\Microsoft SQL Server\120\DTS\Binn\;C:\Program Files (x86)\Microsoft SQL Server\120\Tools\Binn\ManagementStudio\;C:\MongoDB\Server\3.6\bin;C:\WINDOWS\System32\OpenSSH\;C:\ProgramData\Anaconda3\Scripts;C:\Program Files\Java\jdk-10.0.2\bin;D:\setup\java\apache-ant-1.10.5\bin;D:\setup\java\apache-ant-1.10.5\lib;C:\Program Files\MATLAB\R2017b\runtime\win64;C:\Program Files\MATLAB\R2017b\bin;D:\nodejs\;C:\ProgramData\chocolatey\bin;C:\Program Files\Git\cmd;C:\ProgramData\Anaconda3\Library\mingw-w64;C:\ProgramData\Anaconda3\Library\bin;C:\Users\bangt\AppData\Roaming\Python\Python37\Scripts;C:\Users\bangt\scoop\shims;C:\Python\Python37\Scripts\;C:\Python\Python37\;C:\Users\bangt\AppData\Local\Microsoft\WindowsApps;D:\setup\java\apache-ant-1.10.5\bin\;%JAVA_HOME\bin\%;C:\Users\bangt\AppData\Roaming\npm;C:\Users\bangt\AppData\Local\GitHubDesktop\bin;C:\Users\bangt\eclipse\eclipse-2019;
USERNAME=bangt
OS=Windows_NT
PROCESSOR_IDENTIFIER=Intel64 Family 6 Model 142 Stepping 9, GenuineIntel



---------------  S Y S T E M  ---------------

OS: Windows 10.0 , 64 bit Build 18362 (10.0.18362.778)

CPU:total 4 (initial active 4) (2 cores per cpu, 2 threads per core) family 6 model 142 stepping 9, cmov, cx8, fxsr, mmx, sse, sse2, sse3, ssse3, sse4.1, sse4.2, popcnt, avx, avx2, aes, clmul, erms, 3dnowpref, lzcnt, ht, tsc, tscinvbit, bmi1, bmi2, adx

Memory: 4k page, physical 16643996k(4290560k free), swap 16643996k(13712k free)

vm_info: Java HotSpot(TM) 64-Bit Server VM (25.201-b09) for windows-amd64 JRE (1.8.0_201-b09), built on Dec 15 2018 18:36:39 by "java_re" with MS VC++ 10.0 (VS2010)

time: Tue Apr 28 12:23:05 2020
timezone: Eastern Daylight Time
elapsed time: 186 seconds (0d 0h 3m 6s)

