#
# There is insufficient memory for the Java Runtime Environment to continue.
# Native memory allocation (malloc) failed to allocate 1200096 bytes for Chunk::new
# Possible reasons:
#   The system is out of physical RAM or swap space
#   The process is running with CompressedOops enabled, and the Java Heap may be blocking the growth of the native heap
# Possible solutions:
#   Reduce memory load on the system
#   Increase physical memory or swap space
#   Check if swap backing store is full
#   Decrease Java heap size (-Xmx/-Xms)
#   Decrease number of Java threads
#   Decrease Java thread stack sizes (-Xss)
#   Set larger code cache with -XX:ReservedCodeCacheSize=
#   JVM is running with Zero Based Compressed Oops mode in which the Java heap is
#     placed in the first 32GB address space. The Java Heap base address is the
#     maximum limit for the native heap growth. Please use -XX:HeapBaseMinAddress
#     to set the Java Heap base and to place the Java Heap above 32GB virtual address.
# This output file may be truncated or incomplete.
#
#  Out of Memory Error (allocation.cpp:390), pid=18180, tid=0x0000000000005334
#
# JRE version: Java(TM) SE Runtime Environment (8.0_201-b09) (build 1.8.0_201-b09)
# Java VM: Java HotSpot(TM) 64-Bit Server VM (25.201-b09 mixed mode windows-amd64 compressed oops)
# Failed to write core dump. Minidumps are not enabled by default on client versions of Windows
#

---------------  T H R E A D  ---------------

Current thread (0x000000001c774000):  JavaThread "C2 CompilerThread0" daemon [_thread_in_native, id=21300, stack(0x000000001ddc0000,0x000000001dec0000)]

Stack: [0x000000001ddc0000,0x000000001dec0000]
[error occurred during error reporting (printing stack bounds), id 0xc0000005]

Native frames: (J=compiled Java code, j=interpreted, Vv=VM code, C=native code)


Current CompileTask:
C2: 154696 8624 %     4       map.MapLayer::movingSensors @ 13 (262 bytes)


---------------  P R O C E S S  ---------------

Java Threads: ( => current thread )
  0x0000000026c11000 JavaThread "Keep-Alive-Timer" daemon [_thread_blocked, id=10584, stack(0x0000000001320000,0x0000000001420000)]
  0x0000000026c0f000 JavaThread "tile-pool-3" daemon [_thread_blocked, id=9136, stack(0x000000002e9a0000,0x000000002eaa0000)]
  0x0000000026c10800 JavaThread "tile-pool-2" daemon [_thread_blocked, id=4180, stack(0x000000002e8a0000,0x000000002e9a0000)]
  0x0000000026c0f800 JavaThread "tile-pool-1" daemon [_thread_blocked, id=5256, stack(0x000000002e7a0000,0x000000002e8a0000)]
  0x0000000026c0e000 JavaThread "tile-pool-0" daemon [_thread_blocked, id=5532, stack(0x000000002d1b0000,0x000000002d2b0000)]
  0x0000000025faf800 JavaThread "SwingNode Disposer" daemon [_thread_blocked, id=23428, stack(0x000000002aaa0000,0x000000002aba0000)]
  0x00000000271cb800 JavaThread "AWT-EventQueue-0" [_thread_blocked, id=4744, stack(0x000000002a6a0000,0x000000002a7a0000)]
  0x0000000026833800 JavaThread "AWT-Windows" daemon [_thread_in_native, id=3824, stack(0x00000000292b0000,0x00000000293b0000)]
  0x0000000026a45800 JavaThread "AWT-Shutdown" [_thread_blocked, id=13572, stack(0x00000000291b0000,0x00000000292b0000)]
  0x0000000026a44800 JavaThread "Java2D Disposer" daemon [_thread_blocked, id=14168, stack(0x00000000290b0000,0x00000000291b0000)]
  0x0000000026a52800 JavaThread "Prism Font Disposer" daemon [_thread_blocked, id=16452, stack(0x0000000028e70000,0x0000000028f70000)]
  0x000000001e467800 JavaThread "JavaFX-Launcher" [_thread_blocked, id=9476, stack(0x00000000261e0000,0x00000000262e0000)]
  0x000000001e466800 JavaThread "Thread-2" daemon [_thread_in_native, id=7916, stack(0x00000000260e0000,0x00000000261e0000)]
  0x000000001e439000 JavaThread "JavaFX Application Thread" [_thread_in_native, id=2332, stack(0x000000001ec90000,0x000000001ed90000)]
  0x000000001e428800 JavaThread "Thread-1" daemon [_thread_blocked, id=13168, stack(0x000000001eb90000,0x000000001ec90000)]
  0x000000001e3e7800 JavaThread "QuantumRenderer-0" daemon [_thread_blocked, id=4108, stack(0x000000001e800000,0x000000001e900000)]
  0x000000001e0e4000 JavaThread "Service Thread" daemon [_thread_blocked, id=12880, stack(0x000000001e4c0000,0x000000001e5c0000)]
  0x000000001c77f800 JavaThread "C1 CompilerThread2" daemon [_thread_blocked, id=18324, stack(0x000000001dfc0000,0x000000001e0c0000)]
  0x000000001c779000 JavaThread "C2 CompilerThread1" daemon [_thread_blocked, id=15328, stack(0x000000001dec0000,0x000000001dfc0000)]
=>0x000000001c774000 JavaThread "C2 CompilerThread0" daemon [_thread_in_native, id=21300, stack(0x000000001ddc0000,0x000000001dec0000)]
  0x000000001c76f000 JavaThread "Attach Listener" daemon [_thread_blocked, id=7636, stack(0x000000001dcc0000,0x000000001ddc0000)]
  0x000000001c76d800 JavaThread "Signal Dispatcher" daemon [_thread_blocked, id=14384, stack(0x000000001dbc0000,0x000000001dcc0000)]
  0x00000000031cc800 JavaThread "Finalizer" daemon [_thread_blocked, id=1972, stack(0x000000001d9c0000,0x000000001dac0000)]
  0x000000001c739800 JavaThread "Reference Handler" daemon [_thread_blocked, id=2292, stack(0x000000001d8c0000,0x000000001d9c0000)]
  0x00000000030d3800 JavaThread "main" [_thread_blocked, id=7048, stack(0x0000000002ed0000,0x0000000002fd0000)]

Other Threads:
  0x000000001c737800 VMThread [stack: 0x000000001d7c0000,0x000000001d8c0000] [id=7836]
  0x000000001e0e5000 WatcherThread [stack: 0x000000001e5c0000,0x000000001e6c0000] [id=6016]

VM state:not at safepoint (normal execution)

VM Mutex/Monitor currently owned by a thread: None

heap address: 0x00000006c2000000, size: 4064 MB, Compressed Oops mode: Zero based, Oop shift amount: 3
Narrow klass base: 0x0000000000000000, Narrow klass shift: 3
Compressed class space size: 1073741824 Address: 0x00000007c0000000

Heap:
 PSYoungGen      total 920576K, used 62652K [0x000000076b580000, 0x00000007a6500000, 0x00000007c0000000)
  eden space 872960K, 5% used [0x000000076b580000,0x000000076e43f140,0x00000007a0a00000)
  from space 47616K, 31% used [0x00000007a3480000,0x00000007a42efec0,0x00000007a6300000)
  to   space 43520K, 0% used [0x00000007a0a00000,0x00000007a0a00000,0x00000007a3480000)
 ParOldGen       total 270336K, used 103383K [0x00000006c2000000, 0x00000006d2800000, 0x000000076b580000)
  object space 270336K, 38% used [0x00000006c2000000,0x00000006c84f5fe0,0x00000006d2800000)
 Metaspace       used 32796K, capacity 34784K, committed 34944K, reserved 1079296K
  class space    used 4343K, capacity 4687K, committed 4736K, reserved 1048576K

Card table byte_map: [0x0000000012590000,0x0000000012d90000] byte_map_base: 0x000000000ef80000

Marking Bits: (ParMarkBitMap*) 0x00000000562a4ce0
 Begin Bits: [0x00000000136e0000, 0x0000000017660000)
 End Bits:   [0x0000000017660000, 0x000000001b5e0000)

Polling page: 0x0000000001120000

CodeCache: size=245760Kb used=24108Kb max_used=24466Kb free=221651Kb
 bounds [0x00000000031d0000, 0x0000000004a10000, 0x00000000121d0000]
 total_blobs=7885 nmethods=7009 adapters=786
 compilation: enabled

Compilation events (10 events):
Event: 152.887 Thread 0x000000001c77f800 nmethod 8618 0x0000000004233290 code [0x0000000004233400, 0x00000000042336c8]
Event: 152.888 Thread 0x000000001c77f800 8619       3       sun.java2d.DefaultDisposerRecord::<init> (15 bytes)
Event: 152.888 Thread 0x000000001c77f800 nmethod 8619 0x0000000003d14810 code [0x0000000003d14960, 0x0000000003d14b10]
Event: 153.094 Thread 0x000000001c774000 8621       4       sun.misc.FormattedFloatingDecimal::fillDecimal (352 bytes)
Event: 153.097 Thread 0x000000001c774000 nmethod 8621 0x0000000004089590 code [0x00000000040896e0, 0x00000000040899d8]
Event: 153.727 Thread 0x000000001c77f800 8622       3       javafx.scene.layout.VBox::getVgrow (10 bytes)
Event: 153.727 Thread 0x000000001c779000 8623       4       javafx.scene.layout.Region::layoutInArea (230 bytes)
Event: 153.728 Thread 0x000000001c77f800 nmethod 8622 0x000000000431ac10 code [0x000000000431ae00, 0x000000000431b878]
Event: 153.739 Thread 0x000000001c779000 nmethod 8623 0x0000000003557b50 code [0x0000000003557da0, 0x0000000003558b78]
Event: 154.479 Thread 0x000000001c774000 8624 %     4       map.MapLayer::movingSensors @ 13 (262 bytes)

GC Heap History (10 events):
Event: 131.737 GC heap before
{Heap before GC invocations=26 (full 2):
 PSYoungGen      total 916480K, used 883281K [0x000000076b580000, 0x00000007a6500000, 0x00000007c0000000)
  eden space 872960K, 100% used [0x000000076b580000,0x00000007a0a00000,0x00000007a0a00000)
  from space 43520K, 23% used [0x00000007a0a00000,0x00000007a1414640,0x00000007a3480000)
  to   space 47616K, 0% used [0x00000007a3480000,0x00000007a3480000,0x00000007a6300000)
 ParOldGen       total 270336K, used 103359K [0x00000006c2000000, 0x00000006d2800000, 0x000000076b580000)
  object space 270336K, 38% used [0x00000006c2000000,0x00000006c84effe0,0x00000006d2800000)
 Metaspace       used 32658K, capacity 34650K, committed 34944K, reserved 1079296K
  class space    used 4338K, capacity 4686K, committed 4736K, reserved 1048576K
Event: 131.742 GC heap after
Heap after GC invocations=26 (full 2):
 PSYoungGen      total 920576K, used 11683K [0x000000076b580000, 0x00000007a6500000, 0x00000007c0000000)
  eden space 872960K, 0% used [0x000000076b580000,0x000000076b580000,0x00000007a0a00000)
  from space 47616K, 24% used [0x00000007a3480000,0x00000007a3fe8cc0,0x00000007a6300000)
  to   space 43520K, 0% used [0x00000007a0a00000,0x00000007a0a00000,0x00000007a3480000)
 ParOldGen       total 270336K, used 103367K [0x00000006c2000000, 0x00000006d2800000, 0x000000076b580000)
  object space 270336K, 38% used [0x00000006c2000000,0x00000006c84f1fe0,0x00000006d2800000)
 Metaspace       used 32658K, capacity 34650K, committed 34944K, reserved 1079296K
  class space    used 4338K, capacity 4686K, committed 4736K, reserved 1048576K
}
Event: 132.734 GC heap before
{Heap before GC invocations=27 (full 2):
 PSYoungGen      total 920576K, used 884643K [0x000000076b580000, 0x00000007a6500000, 0x00000007c0000000)
  eden space 872960K, 100% used [0x000000076b580000,0x00000007a0a00000,0x00000007a0a00000)
  from space 47616K, 24% used [0x00000007a3480000,0x00000007a3fe8cc0,0x00000007a6300000)
  to   space 43520K, 0% used [0x00000007a0a00000,0x00000007a0a00000,0x00000007a3480000)
 ParOldGen       total 270336K, used 103367K [0x00000006c2000000, 0x00000006d2800000, 0x000000076b580000)
  object space 270336K, 38% used [0x00000006c2000000,0x00000006c84f1fe0,0x00000006d2800000)
 Metaspace       used 32695K, capacity 34650K, committed 34944K, reserved 1079296K
  class space    used 4338K, capacity 4686K, committed 4736K, reserved 1048576K
Event: 132.737 GC heap after
Heap after GC invocations=27 (full 2):
 PSYoungGen      total 916480K, used 11649K [0x000000076b580000, 0x00000007a6500000, 0x00000007c0000000)
  eden space 872960K, 0% used [0x000000076b580000,0x000000076b580000,0x00000007a0a00000)
  from space 43520K, 26% used [0x00000007a0a00000,0x00000007a1560790,0x00000007a3480000)
  to   space 47616K, 0% used [0x00000007a3480000,0x00000007a3480000,0x00000007a6300000)
 ParOldGen       total 270336K, used 103375K [0x00000006c2000000, 0x00000006d2800000, 0x000000076b580000)
  object space 270336K, 38% used [0x00000006c2000000,0x00000006c84f3fe0,0x00000006d2800000)
 Metaspace       used 32695K, capacity 34650K, committed 34944K, reserved 1079296K
  class space    used 4338K, capacity 4686K, committed 4736K, reserved 1048576K
}
Event: 151.288 GC heap before
{Heap before GC invocations=28 (full 2):
 PSYoungGen      total 916480K, used 884609K [0x000000076b580000, 0x00000007a6500000, 0x00000007c0000000)
  eden space 872960K, 100% used [0x000000076b580000,0x00000007a0a00000,0x00000007a0a00000)
  from space 43520K, 26% used [0x00000007a0a00000,0x00000007a1560790,0x00000007a3480000)
  to   space 47616K, 0% used [0x00000007a3480000,0x00000007a3480000,0x00000007a6300000)
 ParOldGen       total 270336K, used 103375K [0x00000006c2000000, 0x00000006d2800000, 0x000000076b580000)
  object space 270336K, 38% used [0x00000006c2000000,0x00000006c84f3fe0,0x00000006d2800000)
 Metaspace       used 32769K, capacity 34720K, committed 34944K, reserved 1079296K
  class space    used 4343K, capacity 4687K, committed 4736K, reserved 1048576K
Event: 151.294 GC heap after
Heap after GC invocations=28 (full 2):
 PSYoungGen      total 920576K, used 11398K [0x000000076b580000, 0x00000007a6500000, 0x00000007c0000000)
  eden space 872960K, 0% used [0x000000076b580000,0x000000076b580000,0x00000007a0a00000)
  from space 47616K, 23% used [0x00000007a3480000,0x00000007a3fa19c0,0x00000007a6300000)
  to   space 43520K, 0% used [0x00000007a0a00000,0x00000007a0a00000,0x00000007a3480000)
 ParOldGen       total 270336K, used 103375K [0x00000006c2000000, 0x00000006d2800000, 0x000000076b580000)
  object space 270336K, 38% used [0x00000006c2000000,0x00000006c84f3fe0,0x00000006d2800000)
 Metaspace       used 32769K, capacity 34720K, committed 34944K, reserved 1079296K
  class space    used 4343K, capacity 4687K, committed 4736K, reserved 1048576K
}
Event: 152.589 GC heap before
{Heap before GC invocations=29 (full 2):
 PSYoungGen      total 920576K, used 884358K [0x000000076b580000, 0x00000007a6500000, 0x00000007c0000000)
  eden space 872960K, 100% used [0x000000076b580000,0x00000007a0a00000,0x00000007a0a00000)
  from space 47616K, 23% used [0x00000007a3480000,0x00000007a3fa19c0,0x00000007a6300000)
  to   space 43520K, 0% used [0x00000007a0a00000,0x00000007a0a00000,0x00000007a3480000)
 ParOldGen       total 270336K, used 103375K [0x00000006c2000000, 0x00000006d2800000, 0x000000076b580000)
  object space 270336K, 38% used [0x00000006c2000000,0x00000006c84f3fe0,0x00000006d2800000)
 Metaspace       used 32793K, capacity 34720K, committed 34944K, reserved 1079296K
  class space    used 4343K, capacity 4687K, committed 4736K, reserved 1048576K
Event: 152.592 GC heap after
Heap after GC invocations=29 (full 2):
 PSYoungGen      total 916480K, used 13684K [0x000000076b580000, 0x00000007a6500000, 0x00000007c0000000)
  eden space 872960K, 0% used [0x000000076b580000,0x000000076b580000,0x00000007a0a00000)
  from space 43520K, 31% used [0x00000007a0a00000,0x00000007a175d050,0x00000007a3480000)
  to   space 47616K, 0% used [0x00000007a3480000,0x00000007a3480000,0x00000007a6300000)
 ParOldGen       total 270336K, used 103383K [0x00000006c2000000, 0x00000006d2800000, 0x000000076b580000)
  object space 270336K, 38% used [0x00000006c2000000,0x00000006c84f5fe0,0x00000006d2800000)
 Metaspace       used 32793K, capacity 34720K, committed 34944K, reserved 1079296K
  class space    used 4343K, capacity 4687K, committed 4736K, reserved 1048576K
}
Event: 153.701 GC heap before
{Heap before GC invocations=30 (full 2):
 PSYoungGen      total 916480K, used 886644K [0x000000076b580000, 0x00000007a6500000, 0x00000007c0000000)
  eden space 872960K, 100% used [0x000000076b580000,0x00000007a0a00000,0x00000007a0a00000)
  from space 43520K, 31% used [0x00000007a0a00000,0x00000007a175d050,0x00000007a3480000)
  to   space 47616K, 0% used [0x00000007a3480000,0x00000007a3480000,0x00000007a6300000)
 ParOldGen       total 270336K, used 103383K [0x00000006c2000000, 0x00000006d2800000, 0x000000076b580000)
  object space 270336K, 38% used [0x00000006c2000000,0x00000006c84f5fe0,0x00000006d2800000)
 Metaspace       used 32796K, capacity 34784K, committed 34944K, reserved 1079296K
  class space    used 4343K, capacity 4687K, committed 4736K, reserved 1048576K
Event: 153.705 GC heap after
Heap after GC invocations=30 (full 2):
 PSYoungGen      total 920576K, used 14783K [0x000000076b580000, 0x00000007a6500000, 0x00000007c0000000)
  eden space 872960K, 0% used [0x000000076b580000,0x000000076b580000,0x00000007a0a00000)
  from space 47616K, 31% used [0x00000007a3480000,0x00000007a42efec0,0x00000007a6300000)
  to   space 43520K, 0% used [0x00000007a0a00000,0x00000007a0a00000,0x00000007a3480000)
 ParOldGen       total 270336K, used 103383K [0x00000006c2000000, 0x00000006d2800000, 0x000000076b580000)
  object space 270336K, 38% used [0x00000006c2000000,0x00000006c84f5fe0,0x00000006d2800000)
 Metaspace       used 32796K, capacity 34784K, committed 34944K, reserved 1079296K
  class space    used 4343K, capacity 4687K, committed 4736K, reserved 1048576K
}

Deoptimization events (10 events):
Event: 133.939 Thread 0x000000001e439000 Uncommon trap: reason=bimorphic action=maybe_recompile pc=0x00000000040ef8b0 method=java.util.regex.Pattern$GroupTail.match(Ljava/util/regex/Matcher;ILjava/lang/CharSequence;)Z @ 70
Event: 133.939 Thread 0x000000001e439000 Uncommon trap: reason=bimorphic action=maybe_recompile pc=0x00000000040ef8b0 method=java.util.regex.Pattern$GroupTail.match(Ljava/util/regex/Matcher;ILjava/lang/CharSequence;)Z @ 70
Event: 133.939 Thread 0x000000001e439000 Uncommon trap: reason=unstable_if action=reinterpret pc=0x000000000386d738 method=com.sun.org.apache.xerces.internal.impl.XMLEntityScanner.scanContent(Lcom/sun/org/apache/xerces/internal/xni/XMLString;)I @ 121
Event: 133.940 Thread 0x000000001e439000 Uncommon trap: reason=class_check action=maybe_recompile pc=0x0000000003b551e0 method=javafx.beans.binding.StringBinding.invalidate()V @ 13
Event: 133.959 Thread 0x000000001e439000 Uncommon trap: reason=unstable_if action=reinterpret pc=0x000000000475df34 method=javafx.scene.layout.Region.minWidth(D)D @ 24
Event: 133.960 Thread 0x000000001e439000 Uncommon trap: reason=unstable_if action=reinterpret pc=0x000000000355ce28 method=javafx.scene.layout.Region.minHeight(D)D @ 24
Event: 140.789 Thread 0x000000001e439000 Uncommon trap: reason=unstable_if action=reinterpret pc=0x00000000040c38f8 method=com.sun.javafx.text.TextRun.getPosX(I)F @ 75
Event: 149.248 Thread 0x00000000271cb800 Uncommon trap: reason=unstable_if action=reinterpret pc=0x00000000048b893c method=map.MapLayer.movingSensors(II)V @ 134
Event: 149.319 Thread 0x00000000271cb800 Uncommon trap: reason=unstable_if action=reinterpret pc=0x00000000048af5c4 method=device.DeviceList.draw(Ljava/awt/Graphics;)V @ 254
Event: 149.364 Thread 0x00000000271cb800 Uncommon trap: reason=unstable_if action=reinterpret pc=0x000000000488a0e0 method=map.MapLayer.movingSensors(II)V @ 134

Classes redefined (0 events):
No events

Internal exceptions (10 events):
Event: 4.233 Thread 0x000000001e439000 Implicit null exception at 0x0000000003a6de79 to 0x0000000003a6e4dd
Event: 4.523 Thread 0x000000001e439000 Implicit null exception at 0x0000000003b2c11a to 0x0000000003b2cbdd
Event: 6.071 Thread 0x000000001e439000 Exception <a 'java/io/FileNotFoundException'> (0x000000076c0b2e48) thrown at [C:\re\workspace\8-2-build-windows-amd64-cygwin\jdk8u201\12322\hotspot\src\share\vm\prims\jni.cpp, line 709]
Event: 6.616 Thread 0x0000000026c0f000 Implicit null exception at 0x0000000003e5609d to 0x0000000003e56285
Event: 11.594 Thread 0x0000000026c10800 Implicit null exception at 0x0000000003e5687c to 0x0000000003e56a11
Event: 24.054 Thread 0x000000001e439000 Implicit null exception at 0x000000000437dd26 to 0x000000000437ed5d
Event: 26.308 Thread 0x000000001e439000 Implicit null exception at 0x0000000004348414 to 0x000000000434aaa1
Event: 106.507 Thread 0x00000000271cb800 Implicit null exception at 0x00000000034c5e62 to 0x00000000034c5fb9
Event: 106.670 Thread 0x000000001e3e7800 Implicit null exception at 0x0000000003437aec to 0x0000000003437b61
Event: 107.044 Thread 0x000000001e439000 Implicit null exception at 0x000000000465177c to 0x000000000465209d

Events (10 events):
Event: 152.853 Thread 0x000000001c779000 flushing nmethod 0x0000000003dd3a90
Event: 152.854 Thread 0x00000000271cb800 DEOPT PACKING pc=0x00000000049f6caf sp=0x000000002a79be10
Event: 152.854 Thread 0x00000000271cb800 DEOPT UNPACKING pc=0x0000000003217890 sp=0x000000002a79bc60 mode 0
Event: 152.887 Thread 0x000000001c77f800 flushing nmethod 0x0000000003e6bc50
Event: 152.888 Thread 0x000000001c77f800 flushing nmethod 0x0000000004089290
Event: 152.888 Thread 0x000000001c77f800 flushing nmethod 0x00000000040ab650
Event: 153.187 Thread 0x00000000271cb800 DEOPT PACKING pc=0x00000000049f724c sp=0x000000002a79be10
Event: 153.187 Thread 0x00000000271cb800 DEOPT UNPACKING pc=0x0000000003217890 sp=0x000000002a79bc60 mode 0
Event: 153.701 Executing VM operation: ParallelGCFailedAllocation
Event: 153.705 Executing VM operation: ParallelGCFailedAllocation done


Dynamic libraries:
0x00007ff77eb80000 - 0x00007ff77ebb7000 	C:\Program Files\Java\jre1.8.0_201\bin\javaw.exe
0x00007ffe32140000 - 0x00007ffe32330000 	C:\WINDOWS\SYSTEM32\ntdll.dll
0x00007ffe31bb0000 - 0x00007ffe31c62000 	C:\WINDOWS\System32\KERNEL32.DLL
0x00007ffe2f280000 - 0x00007ffe2f523000 	C:\WINDOWS\System32\KERNELBASE.dll
0x00007ffe31630000 - 0x00007ffe316d3000 	C:\WINDOWS\System32\ADVAPI32.dll
0x00007ffe32030000 - 0x00007ffe320ce000 	C:\WINDOWS\System32\msvcrt.dll
0x00007ffe31750000 - 0x00007ffe317e7000 	C:\WINDOWS\System32\sechost.dll
0x00007ffe31a90000 - 0x00007ffe31bb0000 	C:\WINDOWS\System32\RPCRT4.dll
0x00007ffe302c0000 - 0x00007ffe30454000 	C:\WINDOWS\System32\USER32.dll
0x00007ffe2f250000 - 0x00007ffe2f271000 	C:\WINDOWS\System32\win32u.dll
0x00007ffe30510000 - 0x00007ffe30536000 	C:\WINDOWS\System32\GDI32.dll
0x00007ffe2fcb0000 - 0x00007ffe2fe44000 	C:\WINDOWS\System32\gdi32full.dll
0x00007ffe2fea0000 - 0x00007ffe2ff3e000 	C:\WINDOWS\System32\msvcp_win.dll
0x00007ffe2f0a0000 - 0x00007ffe2f19a000 	C:\WINDOWS\System32\ucrtbase.dll
0x00007ffe17670000 - 0x00007ffe178f5000 	C:\WINDOWS\WinSxS\amd64_microsoft.windows.common-controls_6595b64144ccf1df_6.0.18362.778_none_e6c6b761130d4fb8\COMCTL32.dll
0x00007ffe31cf0000 - 0x00007ffe32026000 	C:\WINDOWS\System32\combase.dll
0x00007ffe30120000 - 0x00007ffe301a0000 	C:\WINDOWS\System32\bcryptPrimitives.dll
0x00007ffe30230000 - 0x00007ffe3025e000 	C:\WINDOWS\System32\IMM32.DLL
0x00000000559a0000 - 0x0000000055a71000 	C:\Program Files\Java\jre1.8.0_201\bin\msvcr100.dll
0x0000000055a80000 - 0x0000000056324000 	C:\Program Files\Java\jre1.8.0_201\bin\server\jvm.dll
0x00007ffe31740000 - 0x00007ffe31748000 	C:\WINDOWS\System32\PSAPI.DLL
0x00007ffe253c0000 - 0x00007ffe253ca000 	C:\WINDOWS\SYSTEM32\VERSION.dll
0x00007ffe0cf30000 - 0x00007ffe0cf39000 	C:\WINDOWS\SYSTEM32\WSOCK32.dll
0x00007ffe306c0000 - 0x00007ffe3072f000 	C:\WINDOWS\System32\WS2_32.dll
0x00007ffe28e10000 - 0x00007ffe28e34000 	C:\WINDOWS\SYSTEM32\WINMM.dll
0x00007ffe28de0000 - 0x00007ffe28e0d000 	C:\WINDOWS\SYSTEM32\winmmbase.dll
0x00007ffe2fe50000 - 0x00007ffe2fe9a000 	C:\WINDOWS\System32\cfgmgr32.dll
0x00007ffe227d0000 - 0x00007ffe227df000 	C:\Program Files\Java\jre1.8.0_201\bin\verify.dll
0x00007ffe18fc0000 - 0x00007ffe18fe9000 	C:\Program Files\Java\jre1.8.0_201\bin\java.dll
0x00007ffe1e950000 - 0x00007ffe1e966000 	C:\Program Files\Java\jre1.8.0_201\bin\zip.dll
0x00007ffe30ac0000 - 0x00007ffe311a5000 	C:\WINDOWS\System32\SHELL32.dll
0x00007ffe30460000 - 0x00007ffe30509000 	C:\WINDOWS\System32\shcore.dll
0x00007ffe2f530000 - 0x00007ffe2fcb0000 	C:\WINDOWS\System32\windows.storage.dll
0x00007ffe2f050000 - 0x00007ffe2f073000 	C:\WINDOWS\System32\profapi.dll
0x00007ffe2f000000 - 0x00007ffe2f04a000 	C:\WINDOWS\System32\powrprof.dll
0x00007ffe2efd0000 - 0x00007ffe2efe0000 	C:\WINDOWS\System32\UMPDC.dll
0x00007ffe30260000 - 0x00007ffe302b2000 	C:\WINDOWS\System32\shlwapi.dll
0x00007ffe2efe0000 - 0x00007ffe2eff1000 	C:\WINDOWS\System32\kernel.appcore.dll
0x00007ffe301a0000 - 0x00007ffe301b7000 	C:\WINDOWS\System32\cryptsp.dll
0x00000000016d0000 - 0x00000000016d3000 	C:\Program Files\Java\jre1.8.0_201\bin\api-ms-win-core-console-l1-1-0.dll
0x00000000016e0000 - 0x00000000016e3000 	C:\Program Files\Java\jre1.8.0_201\bin\api-ms-win-core-datetime-l1-1-0.dll
0x00000000016f0000 - 0x00000000016f3000 	C:\Program Files\Java\jre1.8.0_201\bin\api-ms-win-core-debug-l1-1-0.dll
0x0000000001700000 - 0x0000000001703000 	C:\Program Files\Java\jre1.8.0_201\bin\api-ms-win-core-errorhandling-l1-1-0.dll
0x0000000001710000 - 0x0000000001714000 	C:\Program Files\Java\jre1.8.0_201\bin\api-ms-win-core-file-l1-1-0.dll
0x0000000002fd0000 - 0x0000000002fd3000 	C:\Program Files\Java\jre1.8.0_201\bin\api-ms-win-core-file-l1-2-0.dll
0x0000000002fe0000 - 0x0000000002fe3000 	C:\Program Files\Java\jre1.8.0_201\bin\api-ms-win-core-file-l2-1-0.dll
0x0000000002ff0000 - 0x0000000002ff3000 	C:\Program Files\Java\jre1.8.0_201\bin\api-ms-win-core-handle-l1-1-0.dll
0x0000000003000000 - 0x0000000003003000 	C:\Program Files\Java\jre1.8.0_201\bin\api-ms-win-core-heap-l1-1-0.dll
0x0000000003010000 - 0x0000000003013000 	C:\Program Files\Java\jre1.8.0_201\bin\api-ms-win-core-interlocked-l1-1-0.dll
0x0000000003020000 - 0x0000000003023000 	C:\Program Files\Java\jre1.8.0_201\bin\api-ms-win-core-libraryloader-l1-1-0.dll
0x0000000003030000 - 0x0000000003033000 	C:\Program Files\Java\jre1.8.0_201\bin\api-ms-win-core-localization-l1-2-0.dll
0x0000000003040000 - 0x0000000003043000 	C:\Program Files\Java\jre1.8.0_201\bin\api-ms-win-core-memory-l1-1-0.dll
0x0000000003050000 - 0x0000000003053000 	C:\Program Files\Java\jre1.8.0_201\bin\api-ms-win-core-namedpipe-l1-1-0.dll
0x0000000003060000 - 0x0000000003063000 	C:\Program Files\Java\jre1.8.0_201\bin\api-ms-win-core-processenvironment-l1-1-0.dll
0x0000000003070000 - 0x0000000003073000 	C:\Program Files\Java\jre1.8.0_201\bin\api-ms-win-core-processthreads-l1-1-0.dll
0x0000000003080000 - 0x0000000003083000 	C:\Program Files\Java\jre1.8.0_201\bin\api-ms-win-core-processthreads-l1-1-1.dll
0x0000000003090000 - 0x0000000003093000 	C:\Program Files\Java\jre1.8.0_201\bin\api-ms-win-core-profile-l1-1-0.dll
0x00000000030a0000 - 0x00000000030a3000 	C:\Program Files\Java\jre1.8.0_201\bin\api-ms-win-core-rtlsupport-l1-1-0.dll
0x00000000030b0000 - 0x00000000030b3000 	C:\Program Files\Java\jre1.8.0_201\bin\api-ms-win-core-string-l1-1-0.dll
0x000000001e6c0000 - 0x000000001e6c3000 	C:\Program Files\Java\jre1.8.0_201\bin\api-ms-win-core-synch-l1-1-0.dll
0x000000001e6d0000 - 0x000000001e6d3000 	C:\Program Files\Java\jre1.8.0_201\bin\api-ms-win-core-synch-l1-2-0.dll
0x000000001e6e0000 - 0x000000001e6e3000 	C:\Program Files\Java\jre1.8.0_201\bin\api-ms-win-core-sysinfo-l1-1-0.dll
0x000000001e6f0000 - 0x000000001e6f3000 	C:\Program Files\Java\jre1.8.0_201\bin\api-ms-win-core-timezone-l1-1-0.dll
0x000000001e700000 - 0x000000001e703000 	C:\Program Files\Java\jre1.8.0_201\bin\api-ms-win-core-util-l1-1-0.dll
0x000000001e710000 - 0x000000001e713000 	C:\Program Files\Java\jre1.8.0_201\bin\api-ms-win-crt-conio-l1-1-0.dll
0x000000001e720000 - 0x000000001e724000 	C:\Program Files\Java\jre1.8.0_201\bin\api-ms-win-crt-convert-l1-1-0.dll
0x000000001e730000 - 0x000000001e733000 	C:\Program Files\Java\jre1.8.0_201\bin\api-ms-win-crt-environment-l1-1-0.dll
0x000000001e740000 - 0x000000001e743000 	C:\Program Files\Java\jre1.8.0_201\bin\api-ms-win-crt-filesystem-l1-1-0.dll
0x000000001e750000 - 0x000000001e753000 	C:\Program Files\Java\jre1.8.0_201\bin\api-ms-win-crt-heap-l1-1-0.dll
0x000000001e760000 - 0x000000001e763000 	C:\Program Files\Java\jre1.8.0_201\bin\api-ms-win-crt-locale-l1-1-0.dll
0x000000001e770000 - 0x000000001e775000 	C:\Program Files\Java\jre1.8.0_201\bin\api-ms-win-crt-math-l1-1-0.dll
0x000000001e780000 - 0x000000001e785000 	C:\Program Files\Java\jre1.8.0_201\bin\api-ms-win-crt-multibyte-l1-1-0.dll
0x000000001e790000 - 0x000000001e7a0000 	C:\Program Files\Java\jre1.8.0_201\bin\api-ms-win-crt-private-l1-1-0.dll
0x000000001e7a0000 - 0x000000001e7a3000 	C:\Program Files\Java\jre1.8.0_201\bin\api-ms-win-crt-process-l1-1-0.dll
0x000000001e7b0000 - 0x000000001e7b4000 	C:\Program Files\Java\jre1.8.0_201\bin\api-ms-win-crt-runtime-l1-1-0.dll
0x000000001e7c0000 - 0x000000001e7c4000 	C:\Program Files\Java\jre1.8.0_201\bin\api-ms-win-crt-stdio-l1-1-0.dll
0x000000001e7d0000 - 0x000000001e7d4000 	C:\Program Files\Java\jre1.8.0_201\bin\api-ms-win-crt-string-l1-1-0.dll
0x000000001e7e0000 - 0x000000001e7e3000 	C:\Program Files\Java\jre1.8.0_201\bin\api-ms-win-crt-time-l1-1-0.dll
0x000000001e7f0000 - 0x000000001e7f3000 	C:\Program Files\Java\jre1.8.0_201\bin\api-ms-win-crt-utility-l1-1-0.dll
0x00007ffe01cd0000 - 0x00007ffe01dc6000 	C:\Program Files\Java\jre1.8.0_201\bin\ucrtbase.dll
0x00007ffe22b30000 - 0x00007ffe22b46000 	C:\Program Files\Java\jre1.8.0_201\bin\vcruntime140.dll
0x00007ffe18ca0000 - 0x00007ffe18d3c000 	C:\Program Files\Java\jre1.8.0_201\bin\msvcp140.dll
0x00007ffe1ea50000 - 0x00007ffe1eaa1000 	C:\Program Files\Java\jre1.8.0_201\bin\concrt140.dll
0x00007ffe21cb0000 - 0x00007ffe21cd3000 	C:\Program Files\Java\jre1.8.0_201\bin\prism_d3d.dll
0x00007ffe01730000 - 0x00007ffe018f7000 	C:\WINDOWS\system32\d3d9.dll
0x00007ffe2d0e0000 - 0x00007ffe2d10d000 	C:\WINDOWS\SYSTEM32\dwmapi.dll
0x00007ffe2dc40000 - 0x00007ffe2dc60000 	C:\WINDOWS\SYSTEM32\dxcore.dll
0x00007ffe2cd90000 - 0x00007ffe2ce29000 	C:\WINDOWS\system32\uxtheme.dll
0x00007ffdffed0000 - 0x00007ffe000a7000 	C:\WINDOWS\System32\DriverStore\FileRepository\k127153.inf_amd64_3f3936d8dec668b8\igdumdim64.dll
0x00007ffdd7130000 - 0x00007ffdda12d000 	C:\WINDOWS\System32\DriverStore\FileRepository\k127153.inf_amd64_3f3936d8dec668b8\igd9dxva64.dll
0x00007ffe31930000 - 0x00007ffe31a87000 	C:\WINDOWS\System32\ole32.dll
0x00007ffe305f0000 - 0x00007ffe306b4000 	C:\WINDOWS\System32\OLEAUT32.dll
0x00007ffe1e900000 - 0x00007ffe1e949000 	C:\Program Files\Java\jre1.8.0_201\bin\glass.dll
0x00007ffe317f0000 - 0x00007ffe318c0000 	C:\WINDOWS\System32\COMDLG32.dll
0x00007ffe308e0000 - 0x00007ffe30a16000 	C:\WINDOWS\System32\MSCTF.dll
0x00007ffe13420000 - 0x00007ffe151b5000 	C:\WINDOWS\System32\DriverStore\FileRepository\k127153.inf_amd64_3f3936d8dec668b8\igc64.dll
0x00007ffe1bca0000 - 0x00007ffe1bcba000 	C:\Program Files\Java\jre1.8.0_201\bin\net.dll
0x00007ffe20cd0000 - 0x00007ffe20ea5000 	C:\WINDOWS\SYSTEM32\urlmon.dll
0x00007ffe20a20000 - 0x00007ffe20cc6000 	C:\WINDOWS\SYSTEM32\iertutil.dll
0x00007ffe2ea10000 - 0x00007ffe2ea1c000 	C:\WINDOWS\SYSTEM32\CRYPTBASE.DLL
0x00007ffe2e840000 - 0x00007ffe2e8a7000 	C:\WINDOWS\system32\mswsock.dll
0x00007ffe19230000 - 0x00007ffe19241000 	C:\Program Files\Java\jre1.8.0_201\bin\nio.dll
0x00007ffe22a30000 - 0x00007ffe22a44000 	C:\Program Files\Java\jre1.8.0_201\bin\javafx_font.dll
0x00007ffe19850000 - 0x00007ffe19b4e000 	C:\WINDOWS\SYSTEM32\dwrite.dll
0x00007ffe21b90000 - 0x00007ffe21bb6000 	C:\Program Files\Java\jre1.8.0_201\bin\javafx_iio.dll
0x00007ffe01fd0000 - 0x00007ffe02169000 	C:\Program Files\Java\jre1.8.0_201\bin\awt.dll
0x00007ffe2cca0000 - 0x00007ffe2cd2f000 	C:\WINDOWS\SYSTEM32\apphelp.dll
0x00007ffe2e350000 - 0x00007ffe2e383000 	C:\WINDOWS\system32\rsaenh.dll
0x00007ffe2ff40000 - 0x00007ffe2ff66000 	C:\WINDOWS\System32\bcrypt.dll
0x00007ffe2eec0000 - 0x00007ffe2eee5000 	C:\WINDOWS\SYSTEM32\USERENV.dll
0x00007ffe2e4f0000 - 0x00007ffe2e52a000 	C:\WINDOWS\SYSTEM32\IPHLPAPI.DLL
0x00007ffe31620000 - 0x00007ffe31628000 	C:\WINDOWS\System32\NSI.dll
0x00007ffe253d0000 - 0x00007ffe253e6000 	C:\WINDOWS\SYSTEM32\dhcpcsvc6.DLL
0x00007ffe25380000 - 0x00007ffe2539c000 	C:\WINDOWS\SYSTEM32\dhcpcsvc.DLL
0x00007ffe2e530000 - 0x00007ffe2e5fa000 	C:\WINDOWS\SYSTEM32\DNSAPI.dll
0x00007ffe1e970000 - 0x00007ffe1e99a000 	C:\Program Files\Java\jre1.8.0_201\bin\dcpr.dll
0x00007ffe0f760000 - 0x00007ffe0f8b6000 	C:\WINDOWS\system32\opengl32.dll
0x00007ffe11da0000 - 0x00007ffe11dcc000 	C:\WINDOWS\SYSTEM32\GLU32.dll
0x00007ffe19620000 - 0x00007ffe19667000 	C:\Program Files\Java\jre1.8.0_201\bin\fontmanager.dll
0x00007ffe24ba0000 - 0x00007ffe24baa000 	C:\Windows\System32\rasadhlp.dll
0x00007ffe24ed0000 - 0x00007ffe24f47000 	C:\WINDOWS\System32\fwpuclnt.dll
0x00007ffe30540000 - 0x00007ffe305e2000 	C:\WINDOWS\System32\clbcatq.dll
0x00007ffe26280000 - 0x00007ffe2642f000 	C:\WINDOWS\SYSTEM32\WindowsCodecs.dll
0x00007ffe20140000 - 0x00007ffe2017a000 	C:\WINDOWS\system32\dataexchange.dll
0x00007ffe2c030000 - 0x00007ffe2c28b000 	C:\WINDOWS\system32\d3d11.dll
0x00007ffe2be50000 - 0x00007ffe2c02c000 	C:\WINDOWS\system32\dcomp.dll
0x00007ffe2dcd0000 - 0x00007ffe2ddbb000 	C:\WINDOWS\system32\dxgi.dll
0x00007ffe2ce60000 - 0x00007ffe2d0ba000 	C:\WINDOWS\system32\twinapi.appcore.dll

VM Arguments:
jvm_args: -Dfile.encoding=Cp1252 
java_command: cupcarbon.CupCarbon
java_class_path (initial): D:\NCS\UMB\Courses\682-Software development lab\project\IoT-Simulation-Platform\CupCarbon-master\bin;D:\NCS\UMB\Courses\682-Software development lab\project\IoT-Simulation-Platform\CupCarbon-master\lib\openstreetmap\swingx-ws-2007_10_14.jar;D:\NCS\UMB\Courses\682-Software development lab\project\IoT-Simulation-Platform\CupCarbon-master\lib\openstreetmap\swingx.jar;D:\NCS\UMB\Courses\682-Software development lab\project\IoT-Simulation-Platform\CupCarbon-master\lib\opencl\JOCL-0.1.9.jar;D:\NCS\UMB\Courses\682-Software development lab\project\IoT-Simulation-Platform\CupCarbon-master\lib\apache\commons-codec-1.6.jar;D:\NCS\UMB\Courses\682-Software development lab\project\IoT-Simulation-Platform\CupCarbon-master\lib\apache\commons-logging-1.1.3.jar;D:\NCS\UMB\Courses\682-Software development lab\project\IoT-Simulation-Platform\CupCarbon-master\lib\apache\httpclient-4.3.4.jar;D:\NCS\UMB\Courses\682-Software development lab\project\IoT-Simulation-Platform\CupCarbon-master\lib\apache\httpcore-4.3.2.jar;D:\NCS\UMB\Courses\682-Software development lab\project\IoT-Simulation-Platform\CupCarbon-master\lib\java3d\vecmath.jar;D:\NCS\UMB\Courses\682-Software development lab\project\IoT-Simulation-Platform\CupCarbon-master\lib\java3d\j3dcore.jar;D:\NCS\UMB\Courses\682-Software development lab\project\IoT-Simulation-Platform\CupCarbon-master\lib\java3d\j3dutils.jar;D:\NCS\UMB\Courses\682-Software development lab\project\IoT-Simulation-Platform\CupCarbon-master\lib\mongodb\mongo-java-driver-3.4.3-javadoc.jar;D:\NCS\UMB\Courses\682-Software development lab\project\IoT-Simulation-Platform\CupCarbon-master\lib\mongodb\mongo-java-driver-3.4.3.jar;C:\Users\bangt\eclipse\eclipse-2019\plugins\org.junit_4.12.0.v201504281640\junit.jar;C:\Users\bangt\eclipse\eclipse-2019\plugins\org.hamcrest.core_1.3.0.v201303031735.jar;D:\NCS\UMB\Courses\682-Software development lab\project\IoT-Simulation-Platform\CupCarbon-master\lib;D:\NCS\UMB\Courses\682-Software development la
Launcher Type: SUN_STANDARD

Environment Variables:
JAVA_HOME=C:\Program Files\Java\jdk-10.0.2
PATH=C:/Program Files/Java/jre1.8.0_201/bin/server;C:/Program Files/Java/jre1.8.0_201/bin;C:/Program Files/Java/jre1.8.0_201/lib/amd64;C:\Program Files (x86)\Common Files\Oracle\Java\javapath;C:\Program Files (x86)\Intel\iCLS Client\;C:\Program Files\Intel\iCLS Client\;C:\WINDOWS\system32;C:\WINDOWS;C:\WINDOWS\System32\Wbem;C:\WINDOWS\System32\WindowsPowerShell\v1.0\;C:\Program Files (x86)\Intel\Intel(R) Management Engine Components\DAL;C:\Program Files\Intel\Intel(R) Management Engine Components\DAL;C:\Program Files (x86)\Intel\Intel(R) Management Engine Components\IPT;C:\Program Files\Intel\Intel(R) Management Engine Components\IPT;C:\Program Files\PuTTY\;C:\Program Files (x86)\Windows Kits\8.1\Windows Performance Toolkit\;C:\Program Files\Microsoft SQL Server\120\Tools\Binn\;C:\Program Files (x86)\Microsoft SQL Server\Client SDK\ODBC\110\Tools\Binn\;C:\Program Files (x86)\Microsoft SQL Server\120\Tools\Binn\;C:\Program Files (x86)\Microsoft SQL Server\120\DTS\Binn\;C:\Program Files (x86)\Microsoft SQL Server\120\Tools\Binn\ManagementStudio\;C:\MongoDB\Server\3.6\bin;C:\WINDOWS\System32\OpenSSH\;C:\ProgramData\Anaconda3\Scripts;C:\Program Files\Java\jdk-10.0.2\bin;D:\setup\java\apache-ant-1.10.5\bin;D:\setup\java\apache-ant-1.10.5\lib;C:\Program Files\MATLAB\R2017b\runtime\win64;C:\Program Files\MATLAB\R2017b\bin;D:\nodejs\;C:\ProgramData\chocolatey\bin;C:\Program Files\Git\cmd;C:\ProgramData\Anaconda3\Library\mingw-w64;C:\ProgramData\Anaconda3\Library\bin;C:\Users\bangt\AppData\Roaming\Python\Python37\Scripts;C:\Users\bangt\scoop\shims;C:\Python\Python37\Scripts\;C:\Python\Python37\;C:\Users\bangt\AppData\Local\Microsoft\WindowsApps;D:\setup\java\apache-ant-1.10.5\bin\;%JAVA_HOME\bin\%;C:\Users\bangt\AppData\Roaming\npm;C:\Users\bangt\AppData\Local\GitHubDesktop\bin;C:\Users\bangt\eclipse\eclipse-2019;
USERNAME=bangt
OS=Windows_NT
PROCESSOR_IDENTIFIER=Intel64 Family 6 Model 142 Stepping 9, GenuineIntel



---------------  S Y S T E M  ---------------

OS: Windows 10.0 , 64 bit Build 18362 (10.0.18362.778)

CPU:total 4 (initial active 4) (2 cores per cpu, 2 threads per core) family 6 model 142 stepping 9, cmov, cx8, fxsr, mmx, sse, sse2, sse3, ssse3, sse4.1, sse4.2, popcnt, avx, avx2, aes, clmul, erms, 3dnowpref, lzcnt, ht, tsc, tscinvbit, bmi1, bmi2, adx

Memory: 4k page, physical 16643996k(4029432k free), swap 16643996k(5580k free)

vm_info: Java HotSpot(TM) 64-Bit Server VM (25.201-b09) for windows-amd64 JRE (1.8.0_201-b09), built on Dec 15 2018 18:36:39 by "java_re" with MS VC++ 10.0 (VS2010)

time: Tue Apr 28 12:31:20 2020
timezone: Eastern Daylight Time
elapsed time: 154 seconds (0d 0h 2m 34s)

